<?xml version="1.0" encoding="UTF-8"?>
<!-- Generated by org.testng.reporters.JUnitReportReporter -->
<testsuite hostname="DESKTOP-2PG37MQ" failures="0" tests="1000" name="testngFlag.Flag3" time="3.724" errors="0" timestamp="2022-06-06T19:45:31 IST" skipped="0">
  <testcase classname="testngFlag.Flag3" name="login" time="0.001"/>
  <system-out>
    <![CDATA[inconsistent bug]]>
  </system-out>
  <testcase classname="testngFlag.Flag3" name="login" time="0.046"/>
  <system-out>
    <![CDATA[inconsistent bug]]>
  </system-out>
  <testcase classname="testngFlag.Flag3" name="login" time="0.003"/>
  <system-out>
    <![CDATA[inconsistent bug]]>
  </system-out>
  <testcase classname="testngFlag.Flag3" name="login" time="0.019"/>
  <system-out>
    <![CDATA[inconsistent bug]]>
  </system-out>
  <testcase classname="testngFlag.Flag3" name="login" time="0.001"/>
  <system-out>
    <![CDATA[inconsistent bug]]>
  </system-out>
  <testcase classname="testngFlag.Flag3" name="login" time="0.004"/>
  <system-out>
    <![CDATA[inconsistent bug]]>
  </system-out>
  <testcase classname="testngFlag.Flag3" name="login" time="0.001"/>
  <system-out>
    <![CDATA[inconsistent bug]]>
  </system-out>
  <testcase classname="testngFlag.Flag3" name="login" time="0.001"/>
  <system-out>
    <![CDATA[inconsistent bug]]>
  </system-out>
  <testcase classname="testngFlag.Flag3" name="login" time="0.001"/>
  <system-out>
    <![CDATA[inconsistent bug]]>
  </system-out>
  <testcase classname="testngFlag.Flag3" name="login" time="0.002"/>
  <system-out>
    <![CDATA[inconsistent bug]]>
  </system-out>
  <testcase classname="testngFlag.Flag3" name="login" time="0.002"/>
  <system-out>
    <![CDATA[inconsistent bug]]>
  </system-out>
  <testcase classname="testngFlag.Flag3" name="login" time="0.001"/>
  <system-out>
    <![CDATA[inconsistent bug]]>
  </system-out>
  <testcase classname="testngFlag.Flag3" name="login" time="0.001"/>
  <system-out>
    <![CDATA[inconsistent bug]]>
  </system-out>
  <testcase classname="testngFlag.Flag3" name="login" time="0.001"/>
  <system-out>
    <![CDATA[inconsistent bug]]>
  </system-out>
  <testcase classname="testngFlag.Flag3" name="login" time="0.001"/>
  <system-out>
    <![CDATA[inconsistent bug]]>
  </system-out>
  <testcase classname="testngFlag.Flag3" name="login" time="0.001"/>
  <system-out>
    <![CDATA[inconsistent bug]]>
  </system-out>
  <testcase classname="testngFlag.Flag3" name="login" time="0.001"/>
  <system-out>
    <![CDATA[inconsistent bug]]>
  </system-out>
  <testcase classname="testngFlag.Flag3" name="login" time="0.001"/>
  <system-out>
    <![CDATA[inconsistent bug]]>
  </system-out>
  <testcase classname="testngFlag.Flag3" name="login" time="0.000"/>
  <system-out>
    <![CDATA[inconsistent bug]]>
  </system-out>
  <testcase classname="testngFlag.Flag3" name="login" time="0.001"/>
  <system-out>
    <![CDATA[inconsistent bug]]>
  </system-out>
  <testcase classname="testngFlag.Flag3" name="login" time="0.002"/>
  <system-out>
    <![CDATA[inconsistent bug]]>
  </system-out>
  <testcase classname="testngFlag.Flag3" name="login" time="0.002"/>
  <system-out>
    <![CDATA[inconsistent bug]]>
  </system-out>
  <testcase classname="testngFlag.Flag3" name="login" time="0.001"/>
  <system-out>
    <![CDATA[inconsistent bug]]>
  </system-out>
  <testcase classname="testngFlag.Flag3" name="login" time="0.003"/>
  <system-out>
    <![CDATA[inconsistent bug]]>
  </system-out>
  <testcase classname="testngFlag.Flag3" name="login" time="0.001"/>
  <system-out>
    <![CDATA[inconsistent bug]]>
  </system-out>
  <testcase classname="testngFlag.Flag3" name="login" time="0.002"/>
  <system-out>
    <![CDATA[inconsistent bug]]>
  </system-out>
  <testcase classname="testngFlag.Flag3" name="login" time="0.002"/>
  <system-out>
    <![CDATA[inconsistent bug]]>
  </system-out>
  <testcase classname="testngFlag.Flag3" name="login" time="0.001"/>
  <system-out>
    <![CDATA[inconsistent bug]]>
  </system-out>
  <testcase classname="testngFlag.Flag3" name="login" time="0.002"/>
  <system-out>
    <![CDATA[inconsistent bug]]>
  </system-out>
  <testcase classname="testngFlag.Flag3" name="login" time="0.011"/>
  <system-out>
    <![CDATA[inconsistent bug]]>
  </system-out>
  <testcase classname="testngFlag.Flag3" name="login" time="0.002"/>
  <system-out>
    <![CDATA[inconsistent bug]]>
  </system-out>
  <testcase classname="testngFlag.Flag3" name="login" time="0.001"/>
  <system-out>
    <![CDATA[inconsistent bug]]>
  </system-out>
  <testcase classname="testngFlag.Flag3" name="login" time="0.002"/>
  <system-out>
    <![CDATA[inconsistent bug]]>
  </system-out>
  <testcase classname="testngFlag.Flag3" name="login" time="0.001"/>
  <system-out>
    <![CDATA[inconsistent bug]]>
  </system-out>
  <testcase classname="testngFlag.Flag3" name="login" time="0.000"/>
  <system-out>
    <![CDATA[inconsistent bug]]>
  </system-out>
  <testcase classname="testngFlag.Flag3" name="login" time="0.002"/>
  <system-out>
    <![CDATA[inconsistent bug]]>
  </system-out>
  <testcase classname="testngFlag.Flag3" name="login" time="0.001"/>
  <system-out>
    <![CDATA[inconsistent bug]]>
  </system-out>
  <testcase classname="testngFlag.Flag3" name="login" time="0.000"/>
  <system-out>
    <![CDATA[inconsistent bug]]>
  </system-out>
  <testcase classname="testngFlag.Flag3" name="login" time="0.002"/>
  <system-out>
    <![CDATA[inconsistent bug]]>
  </system-out>
  <testcase classname="testngFlag.Flag3" name="login" time="0.006"/>
  <system-out>
    <![CDATA[inconsistent bug]]>
  </system-out>
  <testcase classname="testngFlag.Flag3" name="login" time="0.001"/>
  <system-out>
    <![CDATA[inconsistent bug]]>
  </system-out>
  <testcase classname="testngFlag.Flag3" name="login" time="0.001"/>
  <system-out>
    <![CDATA[inconsistent bug]]>
  </system-out>
  <testcase classname="testngFlag.Flag3" name="login" time="0.002"/>
  <system-out>
    <![CDATA[inconsistent bug]]>
  </system-out>
  <testcase classname="testngFlag.Flag3" name="login" time="0.026"/>
  <system-out>
    <![CDATA[inconsistent bug]]>
  </system-out>
  <testcase classname="testngFlag.Flag3" name="login" time="0.001"/>
  <system-out>
    <![CDATA[inconsistent bug]]>
  </system-out>
  <testcase classname="testngFlag.Flag3" name="login" time="0.001"/>
  <system-out>
    <![CDATA[inconsistent bug]]>
  </system-out>
  <testcase classname="testngFlag.Flag3" name="login" time="0.001"/>
  <system-out>
    <![CDATA[inconsistent bug]]>
  </system-out>
  <testcase classname="testngFlag.Flag3" name="login" time="0.000"/>
  <system-out>
    <![CDATA[inconsistent bug]]>
  </system-out>
  <testcase classname="testngFlag.Flag3" name="login" time="0.002"/>
  <system-out>
    <![CDATA[inconsistent bug]]>
  </system-out>
  <testcase classname="testngFlag.Flag3" name="login" time="0.001"/>
  <system-out>
    <![CDATA[inconsistent bug]]>
  </system-out>
  <testcase classname="testngFlag.Flag3" name="login" time="0.001"/>
  <system-out>
    <![CDATA[inconsistent bug]]>
  </system-out>
  <testcase classname="testngFlag.Flag3" name="login" time="0.001"/>
  <system-out>
    <![CDATA[inconsistent bug]]>
  </system-out>
  <testcase classname="testngFlag.Flag3" name="login" time="0.000"/>
  <system-out>
    <![CDATA[inconsistent bug]]>
  </system-out>
  <testcase classname="testngFlag.Flag3" name="login" time="0.001"/>
  <system-out>
    <![CDATA[inconsistent bug]]>
  </system-out>
  <testcase classname="testngFlag.Flag3" name="login" time="0.002"/>
  <system-out>
    <![CDATA[inconsistent bug]]>
  </system-out>
  <testcase classname="testngFlag.Flag3" name="login" time="0.001"/>
  <system-out>
    <![CDATA[inconsistent bug]]>
  </system-out>
  <testcase classname="testngFlag.Flag3" name="login" time="0.002"/>
  <system-out>
    <![CDATA[inconsistent bug]]>
  </system-out>
  <testcase classname="testngFlag.Flag3" name="login" time="0.001"/>
  <system-out>
    <![CDATA[inconsistent bug]]>
  </system-out>
  <testcase classname="testngFlag.Flag3" name="login" time="0.002"/>
  <system-out>
    <![CDATA[inconsistent bug]]>
  </system-out>
  <testcase classname="testngFlag.Flag3" name="login" time="0.002"/>
  <system-out>
    <![CDATA[inconsistent bug]]>
  </system-out>
  <testcase classname="testngFlag.Flag3" name="login" time="0.001"/>
  <system-out>
    <![CDATA[inconsistent bug]]>
  </system-out>
  <testcase classname="testngFlag.Flag3" name="login" time="0.007"/>
  <system-out>
    <![CDATA[inconsistent bug]]>
  </system-out>
  <testcase classname="testngFlag.Flag3" name="login" time="0.004"/>
  <system-out>
    <![CDATA[inconsistent bug]]>
  </system-out>
  <testcase classname="testngFlag.Flag3" name="login" time="0.012"/>
  <system-out>
    <![CDATA[inconsistent bug]]>
  </system-out>
  <testcase classname="testngFlag.Flag3" name="login" time="0.008"/>
  <system-out>
    <![CDATA[inconsistent bug]]>
  </system-out>
  <testcase classname="testngFlag.Flag3" name="login" time="0.001"/>
  <system-out>
    <![CDATA[inconsistent bug]]>
  </system-out>
  <testcase classname="testngFlag.Flag3" name="login" time="0.001"/>
  <system-out>
    <![CDATA[inconsistent bug]]>
  </system-out>
  <testcase classname="testngFlag.Flag3" name="login" time="0.013"/>
  <system-out>
    <![CDATA[inconsistent bug]]>
  </system-out>
  <testcase classname="testngFlag.Flag3" name="login" time="0.002"/>
  <system-out>
    <![CDATA[inconsistent bug]]>
  </system-out>
  <testcase classname="testngFlag.Flag3" name="login" time="0.001"/>
  <system-out>
    <![CDATA[inconsistent bug]]>
  </system-out>
  <testcase classname="testngFlag.Flag3" name="login" time="0.001"/>
  <system-out>
    <![CDATA[inconsistent bug]]>
  </system-out>
  <testcase classname="testngFlag.Flag3" name="login" time="0.001"/>
  <system-out>
    <![CDATA[inconsistent bug]]>
  </system-out>
  <testcase classname="testngFlag.Flag3" name="login" time="0.002"/>
  <system-out>
    <![CDATA[inconsistent bug]]>
  </system-out>
  <testcase classname="testngFlag.Flag3" name="login" time="0.000"/>
  <system-out>
    <![CDATA[inconsistent bug]]>
  </system-out>
  <testcase classname="testngFlag.Flag3" name="login" time="0.001"/>
  <system-out>
    <![CDATA[inconsistent bug]]>
  </system-out>
  <testcase classname="testngFlag.Flag3" name="login" time="0.000"/>
  <system-out>
    <![CDATA[inconsistent bug]]>
  </system-out>
  <testcase classname="testngFlag.Flag3" name="login" time="0.002"/>
  <system-out>
    <![CDATA[inconsistent bug]]>
  </system-out>
  <testcase classname="testngFlag.Flag3" name="login" time="0.002"/>
  <system-out>
    <![CDATA[inconsistent bug]]>
  </system-out>
  <testcase classname="testngFlag.Flag3" name="login" time="0.002"/>
  <system-out>
    <![CDATA[inconsistent bug]]>
  </system-out>
  <testcase classname="testngFlag.Flag3" name="login" time="0.000"/>
  <system-out>
    <![CDATA[inconsistent bug]]>
  </system-out>
  <testcase classname="testngFlag.Flag3" name="login" time="0.010"/>
  <system-out>
    <![CDATA[inconsistent bug]]>
  </system-out>
  <testcase classname="testngFlag.Flag3" name="login" time="0.001"/>
  <system-out>
    <![CDATA[inconsistent bug]]>
  </system-out>
  <testcase classname="testngFlag.Flag3" name="login" time="0.001"/>
  <system-out>
    <![CDATA[inconsistent bug]]>
  </system-out>
  <testcase classname="testngFlag.Flag3" name="login" time="0.002"/>
  <system-out>
    <![CDATA[inconsistent bug]]>
  </system-out>
  <testcase classname="testngFlag.Flag3" name="login" time="0.000"/>
  <system-out>
    <![CDATA[inconsistent bug]]>
  </system-out>
  <testcase classname="testngFlag.Flag3" name="login" time="0.000"/>
  <system-out>
    <![CDATA[inconsistent bug]]>
  </system-out>
  <testcase classname="testngFlag.Flag3" name="login" time="0.003"/>
  <system-out>
    <![CDATA[inconsistent bug]]>
  </system-out>
  <testcase classname="testngFlag.Flag3" name="login" time="0.001"/>
  <system-out>
    <![CDATA[inconsistent bug]]>
  </system-out>
  <testcase classname="testngFlag.Flag3" name="login" time="0.000"/>
  <system-out>
    <![CDATA[inconsistent bug]]>
  </system-out>
  <testcase classname="testngFlag.Flag3" name="login" time="0.037"/>
  <system-out>
    <![CDATA[inconsistent bug]]>
  </system-out>
  <testcase classname="testngFlag.Flag3" name="login" time="0.003"/>
  <system-out>
    <![CDATA[inconsistent bug]]>
  </system-out>
  <testcase classname="testngFlag.Flag3" name="login" time="0.002"/>
  <system-out>
    <![CDATA[inconsistent bug]]>
  </system-out>
  <testcase classname="testngFlag.Flag3" name="login" time="0.010"/>
  <system-out>
    <![CDATA[inconsistent bug]]>
  </system-out>
  <testcase classname="testngFlag.Flag3" name="login" time="0.001"/>
  <system-out>
    <![CDATA[inconsistent bug]]>
  </system-out>
  <testcase classname="testngFlag.Flag3" name="login" time="0.002"/>
  <system-out>
    <![CDATA[inconsistent bug]]>
  </system-out>
  <testcase classname="testngFlag.Flag3" name="login" time="0.000"/>
  <system-out>
    <![CDATA[inconsistent bug]]>
  </system-out>
  <testcase classname="testngFlag.Flag3" name="login" time="0.003"/>
  <system-out>
    <![CDATA[inconsistent bug]]>
  </system-out>
  <testcase classname="testngFlag.Flag3" name="login" time="0.001"/>
  <system-out>
    <![CDATA[inconsistent bug]]>
  </system-out>
  <testcase classname="testngFlag.Flag3" name="login" time="0.038"/>
  <system-out>
    <![CDATA[inconsistent bug]]>
  </system-out>
  <testcase classname="testngFlag.Flag3" name="login" time="0.001"/>
  <system-out>
    <![CDATA[inconsistent bug]]>
  </system-out>
  <testcase classname="testngFlag.Flag3" name="login" time="0.002"/>
  <system-out>
    <![CDATA[inconsistent bug]]>
  </system-out>
  <testcase classname="testngFlag.Flag3" name="login" time="0.002"/>
  <system-out>
    <![CDATA[inconsistent bug]]>
  </system-out>
  <testcase classname="testngFlag.Flag3" name="login" time="0.001"/>
  <system-out>
    <![CDATA[inconsistent bug]]>
  </system-out>
  <testcase classname="testngFlag.Flag3" name="login" time="0.002"/>
  <system-out>
    <![CDATA[inconsistent bug]]>
  </system-out>
  <testcase classname="testngFlag.Flag3" name="login" time="0.001"/>
  <system-out>
    <![CDATA[inconsistent bug]]>
  </system-out>
  <testcase classname="testngFlag.Flag3" name="login" time="0.000"/>
  <system-out>
    <![CDATA[inconsistent bug]]>
  </system-out>
  <testcase classname="testngFlag.Flag3" name="login" time="0.003"/>
  <system-out>
    <![CDATA[inconsistent bug]]>
  </system-out>
  <testcase classname="testngFlag.Flag3" name="login" time="0.000"/>
  <system-out>
    <![CDATA[inconsistent bug]]>
  </system-out>
  <testcase classname="testngFlag.Flag3" name="login" time="0.002"/>
  <system-out>
    <![CDATA[inconsistent bug]]>
  </system-out>
  <testcase classname="testngFlag.Flag3" name="login" time="0.002"/>
  <system-out>
    <![CDATA[inconsistent bug]]>
  </system-out>
  <testcase classname="testngFlag.Flag3" name="login" time="0.001"/>
  <system-out>
    <![CDATA[inconsistent bug]]>
  </system-out>
  <testcase classname="testngFlag.Flag3" name="login" time="0.001"/>
  <system-out>
    <![CDATA[inconsistent bug]]>
  </system-out>
  <testcase classname="testngFlag.Flag3" name="login" time="0.006"/>
  <system-out>
    <![CDATA[inconsistent bug]]>
  </system-out>
  <testcase classname="testngFlag.Flag3" name="login" time="0.000"/>
  <system-out>
    <![CDATA[inconsistent bug]]>
  </system-out>
  <testcase classname="testngFlag.Flag3" name="login" time="0.001"/>
  <system-out>
    <![CDATA[inconsistent bug]]>
  </system-out>
  <testcase classname="testngFlag.Flag3" name="login" time="0.003"/>
  <system-out>
    <![CDATA[inconsistent bug]]>
  </system-out>
  <testcase classname="testngFlag.Flag3" name="login" time="0.047"/>
  <system-out>
    <![CDATA[inconsistent bug]]>
  </system-out>
  <testcase classname="testngFlag.Flag3" name="login" time="0.001"/>
  <system-out>
    <![CDATA[inconsistent bug]]>
  </system-out>
  <testcase classname="testngFlag.Flag3" name="login" time="0.002"/>
  <system-out>
    <![CDATA[inconsistent bug]]>
  </system-out>
  <testcase classname="testngFlag.Flag3" name="login" time="0.017"/>
  <system-out>
    <![CDATA[inconsistent bug]]>
  </system-out>
  <testcase classname="testngFlag.Flag3" name="login" time="0.001"/>
  <system-out>
    <![CDATA[inconsistent bug]]>
  </system-out>
  <testcase classname="testngFlag.Flag3" name="login" time="0.002"/>
  <system-out>
    <![CDATA[inconsistent bug]]>
  </system-out>
  <testcase classname="testngFlag.Flag3" name="login" time="0.002"/>
  <system-out>
    <![CDATA[inconsistent bug]]>
  </system-out>
  <testcase classname="testngFlag.Flag3" name="login" time="0.001"/>
  <system-out>
    <![CDATA[inconsistent bug]]>
  </system-out>
  <testcase classname="testngFlag.Flag3" name="login" time="0.001"/>
  <system-out>
    <![CDATA[inconsistent bug]]>
  </system-out>
  <testcase classname="testngFlag.Flag3" name="login" time="0.008"/>
  <system-out>
    <![CDATA[inconsistent bug]]>
  </system-out>
  <testcase classname="testngFlag.Flag3" name="login" time="0.011"/>
  <system-out>
    <![CDATA[inconsistent bug]]>
  </system-out>
  <testcase classname="testngFlag.Flag3" name="login" time="0.037"/>
  <system-out>
    <![CDATA[inconsistent bug]]>
  </system-out>
  <testcase classname="testngFlag.Flag3" name="login" time="0.000"/>
  <system-out>
    <![CDATA[inconsistent bug]]>
  </system-out>
  <testcase classname="testngFlag.Flag3" name="login" time="0.002"/>
  <system-out>
    <![CDATA[inconsistent bug]]>
  </system-out>
  <testcase classname="testngFlag.Flag3" name="login" time="0.000"/>
  <system-out>
    <![CDATA[inconsistent bug]]>
  </system-out>
  <testcase classname="testngFlag.Flag3" name="login" time="0.002"/>
  <system-out>
    <![CDATA[inconsistent bug]]>
  </system-out>
  <testcase classname="testngFlag.Flag3" name="login" time="0.001"/>
  <system-out>
    <![CDATA[inconsistent bug]]>
  </system-out>
  <testcase classname="testngFlag.Flag3" name="login" time="0.001"/>
  <system-out>
    <![CDATA[inconsistent bug]]>
  </system-out>
  <testcase classname="testngFlag.Flag3" name="login" time="0.002"/>
  <system-out>
    <![CDATA[inconsistent bug]]>
  </system-out>
  <testcase classname="testngFlag.Flag3" name="login" time="0.002"/>
  <system-out>
    <![CDATA[inconsistent bug]]>
  </system-out>
  <testcase classname="testngFlag.Flag3" name="login" time="0.001"/>
  <system-out>
    <![CDATA[inconsistent bug]]>
  </system-out>
  <testcase classname="testngFlag.Flag3" name="login" time="0.002"/>
  <system-out>
    <![CDATA[inconsistent bug]]>
  </system-out>
  <testcase classname="testngFlag.Flag3" name="login" time="0.002"/>
  <system-out>
    <![CDATA[inconsistent bug]]>
  </system-out>
  <testcase classname="testngFlag.Flag3" name="login" time="0.001"/>
  <system-out>
    <![CDATA[inconsistent bug]]>
  </system-out>
  <testcase classname="testngFlag.Flag3" name="login" time="0.001"/>
  <system-out>
    <![CDATA[inconsistent bug]]>
  </system-out>
  <testcase classname="testngFlag.Flag3" name="login" time="0.000"/>
  <system-out>
    <![CDATA[inconsistent bug]]>
  </system-out>
  <testcase classname="testngFlag.Flag3" name="login" time="0.005"/>
  <system-out>
    <![CDATA[inconsistent bug]]>
  </system-out>
  <testcase classname="testngFlag.Flag3" name="login" time="0.001"/>
  <system-out>
    <![CDATA[inconsistent bug]]>
  </system-out>
  <testcase classname="testngFlag.Flag3" name="login" time="0.005"/>
  <system-out>
    <![CDATA[inconsistent bug]]>
  </system-out>
  <testcase classname="testngFlag.Flag3" name="login" time="0.014"/>
  <system-out>
    <![CDATA[inconsistent bug]]>
  </system-out>
  <testcase classname="testngFlag.Flag3" name="login" time="0.001"/>
  <system-out>
    <![CDATA[inconsistent bug]]>
  </system-out>
  <testcase classname="testngFlag.Flag3" name="login" time="0.001"/>
  <system-out>
    <![CDATA[inconsistent bug]]>
  </system-out>
  <testcase classname="testngFlag.Flag3" name="login" time="0.002"/>
  <system-out>
    <![CDATA[inconsistent bug]]>
  </system-out>
  <testcase classname="testngFlag.Flag3" name="login" time="0.002"/>
  <system-out>
    <![CDATA[inconsistent bug]]>
  </system-out>
  <testcase classname="testngFlag.Flag3" name="login" time="0.002"/>
  <system-out>
    <![CDATA[inconsistent bug]]>
  </system-out>
  <testcase classname="testngFlag.Flag3" name="login" time="0.001"/>
  <system-out>
    <![CDATA[inconsistent bug]]>
  </system-out>
  <testcase classname="testngFlag.Flag3" name="login" time="0.001"/>
  <system-out>
    <![CDATA[inconsistent bug]]>
  </system-out>
  <testcase classname="testngFlag.Flag3" name="login" time="0.001"/>
  <system-out>
    <![CDATA[inconsistent bug]]>
  </system-out>
  <testcase classname="testngFlag.Flag3" name="login" time="0.000"/>
  <system-out>
    <![CDATA[inconsistent bug]]>
  </system-out>
  <testcase classname="testngFlag.Flag3" name="login" time="0.002"/>
  <system-out>
    <![CDATA[inconsistent bug]]>
  </system-out>
  <testcase classname="testngFlag.Flag3" name="login" time="0.002"/>
  <system-out>
    <![CDATA[inconsistent bug]]>
  </system-out>
  <testcase classname="testngFlag.Flag3" name="login" time="0.001"/>
  <system-out>
    <![CDATA[inconsistent bug]]>
  </system-out>
  <testcase classname="testngFlag.Flag3" name="login" time="0.001"/>
  <system-out>
    <![CDATA[inconsistent bug]]>
  </system-out>
  <testcase classname="testngFlag.Flag3" name="login" time="0.006"/>
  <system-out>
    <![CDATA[inconsistent bug]]>
  </system-out>
  <testcase classname="testngFlag.Flag3" name="login" time="0.001"/>
  <system-out>
    <![CDATA[inconsistent bug]]>
  </system-out>
  <testcase classname="testngFlag.Flag3" name="login" time="0.017"/>
  <system-out>
    <![CDATA[inconsistent bug]]>
  </system-out>
  <testcase classname="testngFlag.Flag3" name="login" time="0.001"/>
  <system-out>
    <![CDATA[inconsistent bug]]>
  </system-out>
  <testcase classname="testngFlag.Flag3" name="login" time="0.001"/>
  <system-out>
    <![CDATA[inconsistent bug]]>
  </system-out>
  <testcase classname="testngFlag.Flag3" name="login" time="0.001"/>
  <system-out>
    <![CDATA[inconsistent bug]]>
  </system-out>
  <testcase classname="testngFlag.Flag3" name="login" time="0.001"/>
  <system-out>
    <![CDATA[inconsistent bug]]>
  </system-out>
  <testcase classname="testngFlag.Flag3" name="login" time="0.001"/>
  <system-out>
    <![CDATA[inconsistent bug]]>
  </system-out>
  <testcase classname="testngFlag.Flag3" name="login" time="0.003"/>
  <system-out>
    <![CDATA[inconsistent bug]]>
  </system-out>
  <testcase classname="testngFlag.Flag3" name="login" time="0.001"/>
  <system-out>
    <![CDATA[inconsistent bug]]>
  </system-out>
  <testcase classname="testngFlag.Flag3" name="login" time="0.035"/>
  <system-out>
    <![CDATA[inconsistent bug]]>
  </system-out>
  <testcase classname="testngFlag.Flag3" name="login" time="0.000"/>
  <system-out>
    <![CDATA[inconsistent bug]]>
  </system-out>
  <testcase classname="testngFlag.Flag3" name="login" time="0.002"/>
  <system-out>
    <![CDATA[inconsistent bug]]>
  </system-out>
  <testcase classname="testngFlag.Flag3" name="login" time="0.003"/>
  <system-out>
    <![CDATA[inconsistent bug]]>
  </system-out>
  <testcase classname="testngFlag.Flag3" name="login" time="0.002"/>
  <system-out>
    <![CDATA[inconsistent bug]]>
  </system-out>
  <testcase classname="testngFlag.Flag3" name="login" time="0.007"/>
  <system-out>
    <![CDATA[inconsistent bug]]>
  </system-out>
  <testcase classname="testngFlag.Flag3" name="login" time="0.001"/>
  <system-out>
    <![CDATA[inconsistent bug]]>
  </system-out>
  <testcase classname="testngFlag.Flag3" name="login" time="0.000"/>
  <system-out>
    <![CDATA[inconsistent bug]]>
  </system-out>
  <testcase classname="testngFlag.Flag3" name="login" time="0.002"/>
  <system-out>
    <![CDATA[inconsistent bug]]>
  </system-out>
  <testcase classname="testngFlag.Flag3" name="login" time="0.003"/>
  <system-out>
    <![CDATA[inconsistent bug]]>
  </system-out>
  <testcase classname="testngFlag.Flag3" name="login" time="0.001"/>
  <system-out>
    <![CDATA[inconsistent bug]]>
  </system-out>
  <testcase classname="testngFlag.Flag3" name="login" time="0.001"/>
  <system-out>
    <![CDATA[inconsistent bug]]>
  </system-out>
  <testcase classname="testngFlag.Flag3" name="login" time="0.043"/>
  <system-out>
    <![CDATA[inconsistent bug]]>
  </system-out>
  <testcase classname="testngFlag.Flag3" name="login" time="0.001"/>
  <system-out>
    <![CDATA[inconsistent bug]]>
  </system-out>
  <testcase classname="testngFlag.Flag3" name="login" time="0.002"/>
  <system-out>
    <![CDATA[inconsistent bug]]>
  </system-out>
  <testcase classname="testngFlag.Flag3" name="login" time="0.005"/>
  <system-out>
    <![CDATA[inconsistent bug]]>
  </system-out>
  <testcase classname="testngFlag.Flag3" name="login" time="0.000"/>
  <system-out>
    <![CDATA[inconsistent bug]]>
  </system-out>
  <testcase classname="testngFlag.Flag3" name="login" time="0.000"/>
  <system-out>
    <![CDATA[inconsistent bug]]>
  </system-out>
  <testcase classname="testngFlag.Flag3" name="login" time="0.001"/>
  <system-out>
    <![CDATA[inconsistent bug]]>
  </system-out>
  <testcase classname="testngFlag.Flag3" name="login" time="0.002"/>
  <system-out>
    <![CDATA[inconsistent bug]]>
  </system-out>
  <testcase classname="testngFlag.Flag3" name="login" time="0.002"/>
  <system-out>
    <![CDATA[inconsistent bug]]>
  </system-out>
  <testcase classname="testngFlag.Flag3" name="login" time="0.000"/>
  <system-out>
    <![CDATA[inconsistent bug]]>
  </system-out>
  <testcase classname="testngFlag.Flag3" name="login" time="0.000"/>
  <system-out>
    <![CDATA[inconsistent bug]]>
  </system-out>
  <testcase classname="testngFlag.Flag3" name="login" time="0.001"/>
  <system-out>
    <![CDATA[inconsistent bug]]>
  </system-out>
  <testcase classname="testngFlag.Flag3" name="login" time="0.011"/>
  <system-out>
    <![CDATA[inconsistent bug]]>
  </system-out>
  <testcase classname="testngFlag.Flag3" name="login" time="0.001"/>
  <system-out>
    <![CDATA[inconsistent bug]]>
  </system-out>
  <testcase classname="testngFlag.Flag3" name="login" time="0.015"/>
  <system-out>
    <![CDATA[inconsistent bug]]>
  </system-out>
  <testcase classname="testngFlag.Flag3" name="login" time="0.002"/>
  <system-out>
    <![CDATA[inconsistent bug]]>
  </system-out>
  <testcase classname="testngFlag.Flag3" name="login" time="0.002"/>
  <system-out>
    <![CDATA[inconsistent bug]]>
  </system-out>
  <testcase classname="testngFlag.Flag3" name="login" time="0.001"/>
  <system-out>
    <![CDATA[inconsistent bug]]>
  </system-out>
  <testcase classname="testngFlag.Flag3" name="login" time="0.001"/>
  <system-out>
    <![CDATA[inconsistent bug]]>
  </system-out>
  <testcase classname="testngFlag.Flag3" name="login" time="0.002"/>
  <system-out>
    <![CDATA[inconsistent bug]]>
  </system-out>
  <testcase classname="testngFlag.Flag3" name="login" time="0.002"/>
  <system-out>
    <![CDATA[inconsistent bug]]>
  </system-out>
  <testcase classname="testngFlag.Flag3" name="login" time="0.002"/>
  <system-out>
    <![CDATA[inconsistent bug]]>
  </system-out>
  <testcase classname="testngFlag.Flag3" name="login" time="0.001"/>
  <system-out>
    <![CDATA[inconsistent bug]]>
  </system-out>
  <testcase classname="testngFlag.Flag3" name="login" time="0.007"/>
  <system-out>
    <![CDATA[inconsistent bug]]>
  </system-out>
  <testcase classname="testngFlag.Flag3" name="login" time="0.001"/>
  <system-out>
    <![CDATA[inconsistent bug]]>
  </system-out>
  <testcase classname="testngFlag.Flag3" name="login" time="0.032"/>
  <system-out>
    <![CDATA[inconsistent bug]]>
  </system-out>
  <testcase classname="testngFlag.Flag3" name="login" time="0.001"/>
  <system-out>
    <![CDATA[inconsistent bug]]>
  </system-out>
  <testcase classname="testngFlag.Flag3" name="login" time="0.004"/>
  <system-out>
    <![CDATA[inconsistent bug]]>
  </system-out>
  <testcase classname="testngFlag.Flag3" name="login" time="0.002"/>
  <system-out>
    <![CDATA[inconsistent bug]]>
  </system-out>
  <testcase classname="testngFlag.Flag3" name="login" time="0.007"/>
  <system-out>
    <![CDATA[inconsistent bug]]>
  </system-out>
  <testcase classname="testngFlag.Flag3" name="login" time="0.002"/>
  <system-out>
    <![CDATA[inconsistent bug]]>
  </system-out>
  <testcase classname="testngFlag.Flag3" name="login" time="0.001"/>
  <system-out>
    <![CDATA[inconsistent bug]]>
  </system-out>
  <testcase classname="testngFlag.Flag3" name="login" time="0.000"/>
  <system-out>
    <![CDATA[inconsistent bug]]>
  </system-out>
  <testcase classname="testngFlag.Flag3" name="login" time="0.002"/>
  <system-out>
    <![CDATA[inconsistent bug]]>
  </system-out>
  <testcase classname="testngFlag.Flag3" name="login" time="0.003"/>
  <system-out>
    <![CDATA[inconsistent bug]]>
  </system-out>
  <testcase classname="testngFlag.Flag3" name="login" time="0.002"/>
  <system-out>
    <![CDATA[inconsistent bug]]>
  </system-out>
  <testcase classname="testngFlag.Flag3" name="login" time="0.001"/>
  <system-out>
    <![CDATA[inconsistent bug]]>
  </system-out>
  <testcase classname="testngFlag.Flag3" name="login" time="0.001"/>
  <system-out>
    <![CDATA[inconsistent bug]]>
  </system-out>
  <testcase classname="testngFlag.Flag3" name="login" time="0.001"/>
  <system-out>
    <![CDATA[inconsistent bug]]>
  </system-out>
  <testcase classname="testngFlag.Flag3" name="login" time="0.001"/>
  <system-out>
    <![CDATA[inconsistent bug]]>
  </system-out>
  <testcase classname="testngFlag.Flag3" name="login" time="0.034"/>
  <system-out>
    <![CDATA[inconsistent bug]]>
  </system-out>
  <testcase classname="testngFlag.Flag3" name="login" time="0.005"/>
  <system-out>
    <![CDATA[inconsistent bug]]>
  </system-out>
  <testcase classname="testngFlag.Flag3" name="login" time="0.002"/>
  <system-out>
    <![CDATA[inconsistent bug]]>
  </system-out>
  <testcase classname="testngFlag.Flag3" name="login" time="0.001"/>
  <system-out>
    <![CDATA[inconsistent bug]]>
  </system-out>
  <testcase classname="testngFlag.Flag3" name="login" time="0.001"/>
  <system-out>
    <![CDATA[inconsistent bug]]>
  </system-out>
  <testcase classname="testngFlag.Flag3" name="login" time="0.001"/>
  <system-out>
    <![CDATA[inconsistent bug]]>
  </system-out>
  <testcase classname="testngFlag.Flag3" name="login" time="0.002"/>
  <system-out>
    <![CDATA[inconsistent bug]]>
  </system-out>
  <testcase classname="testngFlag.Flag3" name="login" time="0.101"/>
  <system-out>
    <![CDATA[inconsistent bug]]>
  </system-out>
  <testcase classname="testngFlag.Flag3" name="login" time="0.002"/>
  <system-out>
    <![CDATA[inconsistent bug]]>
  </system-out>
  <testcase classname="testngFlag.Flag3" name="login" time="0.001"/>
  <system-out>
    <![CDATA[inconsistent bug]]>
  </system-out>
  <testcase classname="testngFlag.Flag3" name="login" time="0.003"/>
  <system-out>
    <![CDATA[inconsistent bug]]>
  </system-out>
  <testcase classname="testngFlag.Flag3" name="login" time="0.002"/>
  <system-out>
    <![CDATA[inconsistent bug]]>
  </system-out>
  <testcase classname="testngFlag.Flag3" name="login" time="0.001"/>
  <system-out>
    <![CDATA[inconsistent bug]]>
  </system-out>
  <testcase classname="testngFlag.Flag3" name="login" time="0.001"/>
  <system-out>
    <![CDATA[inconsistent bug]]>
  </system-out>
  <testcase classname="testngFlag.Flag3" name="login" time="0.001"/>
  <system-out>
    <![CDATA[inconsistent bug]]>
  </system-out>
  <testcase classname="testngFlag.Flag3" name="login" time="0.002"/>
  <system-out>
    <![CDATA[inconsistent bug]]>
  </system-out>
  <testcase classname="testngFlag.Flag3" name="login" time="0.002"/>
  <system-out>
    <![CDATA[inconsistent bug]]>
  </system-out>
  <testcase classname="testngFlag.Flag3" name="login" time="0.003"/>
  <system-out>
    <![CDATA[inconsistent bug]]>
  </system-out>
  <testcase classname="testngFlag.Flag3" name="login" time="0.003"/>
  <system-out>
    <![CDATA[inconsistent bug]]>
  </system-out>
  <testcase classname="testngFlag.Flag3" name="login" time="0.000"/>
  <system-out>
    <![CDATA[inconsistent bug]]>
  </system-out>
  <testcase classname="testngFlag.Flag3" name="login" time="0.002"/>
  <system-out>
    <![CDATA[inconsistent bug]]>
  </system-out>
  <testcase classname="testngFlag.Flag3" name="login" time="0.001"/>
  <system-out>
    <![CDATA[inconsistent bug]]>
  </system-out>
  <testcase classname="testngFlag.Flag3" name="login" time="0.001"/>
  <system-out>
    <![CDATA[inconsistent bug]]>
  </system-out>
  <testcase classname="testngFlag.Flag3" name="login" time="0.001"/>
  <system-out>
    <![CDATA[inconsistent bug]]>
  </system-out>
  <testcase classname="testngFlag.Flag3" name="login" time="0.000"/>
  <system-out>
    <![CDATA[inconsistent bug]]>
  </system-out>
  <testcase classname="testngFlag.Flag3" name="login" time="0.001"/>
  <system-out>
    <![CDATA[inconsistent bug]]>
  </system-out>
  <testcase classname="testngFlag.Flag3" name="login" time="0.001"/>
  <system-out>
    <![CDATA[inconsistent bug]]>
  </system-out>
  <testcase classname="testngFlag.Flag3" name="login" time="0.001"/>
  <system-out>
    <![CDATA[inconsistent bug]]>
  </system-out>
  <testcase classname="testngFlag.Flag3" name="login" time="0.001"/>
  <system-out>
    <![CDATA[inconsistent bug]]>
  </system-out>
  <testcase classname="testngFlag.Flag3" name="login" time="0.001"/>
  <system-out>
    <![CDATA[inconsistent bug]]>
  </system-out>
  <testcase classname="testngFlag.Flag3" name="login" time="0.002"/>
  <system-out>
    <![CDATA[inconsistent bug]]>
  </system-out>
  <testcase classname="testngFlag.Flag3" name="login" time="0.001"/>
  <system-out>
    <![CDATA[inconsistent bug]]>
  </system-out>
  <testcase classname="testngFlag.Flag3" name="login" time="0.001"/>
  <system-out>
    <![CDATA[inconsistent bug]]>
  </system-out>
  <testcase classname="testngFlag.Flag3" name="login" time="0.001"/>
  <system-out>
    <![CDATA[inconsistent bug]]>
  </system-out>
  <testcase classname="testngFlag.Flag3" name="login" time="0.002"/>
  <system-out>
    <![CDATA[inconsistent bug]]>
  </system-out>
  <testcase classname="testngFlag.Flag3" name="login" time="0.001"/>
  <system-out>
    <![CDATA[inconsistent bug]]>
  </system-out>
  <testcase classname="testngFlag.Flag3" name="login" time="0.000"/>
  <system-out>
    <![CDATA[inconsistent bug]]>
  </system-out>
  <testcase classname="testngFlag.Flag3" name="login" time="0.001"/>
  <system-out>
    <![CDATA[inconsistent bug]]>
  </system-out>
  <testcase classname="testngFlag.Flag3" name="login" time="0.001"/>
  <system-out>
    <![CDATA[inconsistent bug]]>
  </system-out>
  <testcase classname="testngFlag.Flag3" name="login" time="0.000"/>
  <system-out>
    <![CDATA[inconsistent bug]]>
  </system-out>
  <testcase classname="testngFlag.Flag3" name="login" time="0.002"/>
  <system-out>
    <![CDATA[inconsistent bug]]>
  </system-out>
  <testcase classname="testngFlag.Flag3" name="login" time="0.001"/>
  <system-out>
    <![CDATA[inconsistent bug]]>
  </system-out>
  <testcase classname="testngFlag.Flag3" name="login" time="0.001"/>
  <system-out>
    <![CDATA[inconsistent bug]]>
  </system-out>
  <testcase classname="testngFlag.Flag3" name="login" time="0.008"/>
  <system-out>
    <![CDATA[inconsistent bug]]>
  </system-out>
  <testcase classname="testngFlag.Flag3" name="login" time="0.003"/>
  <system-out>
    <![CDATA[inconsistent bug]]>
  </system-out>
  <testcase classname="testngFlag.Flag3" name="login" time="0.003"/>
  <system-out>
    <![CDATA[inconsistent bug]]>
  </system-out>
  <testcase classname="testngFlag.Flag3" name="login" time="0.001"/>
  <system-out>
    <![CDATA[inconsistent bug]]>
  </system-out>
  <testcase classname="testngFlag.Flag3" name="login" time="0.003"/>
  <system-out>
    <![CDATA[inconsistent bug]]>
  </system-out>
  <testcase classname="testngFlag.Flag3" name="login" time="0.001"/>
  <system-out>
    <![CDATA[inconsistent bug]]>
  </system-out>
  <testcase classname="testngFlag.Flag3" name="login" time="0.002"/>
  <system-out>
    <![CDATA[inconsistent bug]]>
  </system-out>
  <testcase classname="testngFlag.Flag3" name="login" time="0.001"/>
  <system-out>
    <![CDATA[inconsistent bug]]>
  </system-out>
  <testcase classname="testngFlag.Flag3" name="login" time="0.002"/>
  <system-out>
    <![CDATA[inconsistent bug]]>
  </system-out>
  <testcase classname="testngFlag.Flag3" name="login" time="0.003"/>
  <system-out>
    <![CDATA[inconsistent bug]]>
  </system-out>
  <testcase classname="testngFlag.Flag3" name="login" time="0.013"/>
  <system-out>
    <![CDATA[inconsistent bug]]>
  </system-out>
  <testcase classname="testngFlag.Flag3" name="login" time="0.001"/>
  <system-out>
    <![CDATA[inconsistent bug]]>
  </system-out>
  <testcase classname="testngFlag.Flag3" name="login" time="0.001"/>
  <system-out>
    <![CDATA[inconsistent bug]]>
  </system-out>
  <testcase classname="testngFlag.Flag3" name="login" time="0.000"/>
  <system-out>
    <![CDATA[inconsistent bug]]>
  </system-out>
  <testcase classname="testngFlag.Flag3" name="login" time="0.003"/>
  <system-out>
    <![CDATA[inconsistent bug]]>
  </system-out>
  <testcase classname="testngFlag.Flag3" name="login" time="0.001"/>
  <system-out>
    <![CDATA[inconsistent bug]]>
  </system-out>
  <testcase classname="testngFlag.Flag3" name="login" time="0.001"/>
  <system-out>
    <![CDATA[inconsistent bug]]>
  </system-out>
  <testcase classname="testngFlag.Flag3" name="login" time="0.002"/>
  <system-out>
    <![CDATA[inconsistent bug]]>
  </system-out>
  <testcase classname="testngFlag.Flag3" name="login" time="0.001"/>
  <system-out>
    <![CDATA[inconsistent bug]]>
  </system-out>
  <testcase classname="testngFlag.Flag3" name="login" time="0.002"/>
  <system-out>
    <![CDATA[inconsistent bug]]>
  </system-out>
  <testcase classname="testngFlag.Flag3" name="login" time="0.002"/>
  <system-out>
    <![CDATA[inconsistent bug]]>
  </system-out>
  <testcase classname="testngFlag.Flag3" name="login" time="0.000"/>
  <system-out>
    <![CDATA[inconsistent bug]]>
  </system-out>
  <testcase classname="testngFlag.Flag3" name="login" time="0.001"/>
  <system-out>
    <![CDATA[inconsistent bug]]>
  </system-out>
  <testcase classname="testngFlag.Flag3" name="login" time="0.003"/>
  <system-out>
    <![CDATA[inconsistent bug]]>
  </system-out>
  <testcase classname="testngFlag.Flag3" name="login" time="0.002"/>
  <system-out>
    <![CDATA[inconsistent bug]]>
  </system-out>
  <testcase classname="testngFlag.Flag3" name="login" time="0.001"/>
  <system-out>
    <![CDATA[inconsistent bug]]>
  </system-out>
  <testcase classname="testngFlag.Flag3" name="login" time="0.005"/>
  <system-out>
    <![CDATA[inconsistent bug]]>
  </system-out>
  <testcase classname="testngFlag.Flag3" name="login" time="0.001"/>
  <system-out>
    <![CDATA[inconsistent bug]]>
  </system-out>
  <testcase classname="testngFlag.Flag3" name="login" time="0.000"/>
  <system-out>
    <![CDATA[inconsistent bug]]>
  </system-out>
  <testcase classname="testngFlag.Flag3" name="login" time="0.001"/>
  <system-out>
    <![CDATA[inconsistent bug]]>
  </system-out>
  <testcase classname="testngFlag.Flag3" name="login" time="0.002"/>
  <system-out>
    <![CDATA[inconsistent bug]]>
  </system-out>
  <testcase classname="testngFlag.Flag3" name="login" time="0.001"/>
  <system-out>
    <![CDATA[inconsistent bug]]>
  </system-out>
  <testcase classname="testngFlag.Flag3" name="login" time="0.001"/>
  <system-out>
    <![CDATA[inconsistent bug]]>
  </system-out>
  <testcase classname="testngFlag.Flag3" name="login" time="0.002"/>
  <system-out>
    <![CDATA[inconsistent bug]]>
  </system-out>
  <testcase classname="testngFlag.Flag3" name="login" time="0.002"/>
  <system-out>
    <![CDATA[inconsistent bug]]>
  </system-out>
  <testcase classname="testngFlag.Flag3" name="login" time="0.001"/>
  <system-out>
    <![CDATA[inconsistent bug]]>
  </system-out>
  <testcase classname="testngFlag.Flag3" name="login" time="0.019"/>
  <system-out>
    <![CDATA[inconsistent bug]]>
  </system-out>
  <testcase classname="testngFlag.Flag3" name="login" time="0.000"/>
  <system-out>
    <![CDATA[inconsistent bug]]>
  </system-out>
  <testcase classname="testngFlag.Flag3" name="login" time="0.003"/>
  <system-out>
    <![CDATA[inconsistent bug]]>
  </system-out>
  <testcase classname="testngFlag.Flag3" name="login" time="0.001"/>
  <system-out>
    <![CDATA[inconsistent bug]]>
  </system-out>
  <testcase classname="testngFlag.Flag3" name="login" time="0.001"/>
  <system-out>
    <![CDATA[inconsistent bug]]>
  </system-out>
  <testcase classname="testngFlag.Flag3" name="login" time="0.000"/>
  <system-out>
    <![CDATA[inconsistent bug]]>
  </system-out>
  <testcase classname="testngFlag.Flag3" name="login" time="0.001"/>
  <system-out>
    <![CDATA[inconsistent bug]]>
  </system-out>
  <testcase classname="testngFlag.Flag3" name="login" time="0.001"/>
  <system-out>
    <![CDATA[inconsistent bug]]>
  </system-out>
  <testcase classname="testngFlag.Flag3" name="login" time="0.006"/>
  <system-out>
    <![CDATA[inconsistent bug]]>
  </system-out>
  <testcase classname="testngFlag.Flag3" name="login" time="0.001"/>
  <system-out>
    <![CDATA[inconsistent bug]]>
  </system-out>
  <testcase classname="testngFlag.Flag3" name="login" time="0.001"/>
  <system-out>
    <![CDATA[inconsistent bug]]>
  </system-out>
  <testcase classname="testngFlag.Flag3" name="login" time="0.001"/>
  <system-out>
    <![CDATA[inconsistent bug]]>
  </system-out>
  <testcase classname="testngFlag.Flag3" name="login" time="0.002"/>
  <system-out>
    <![CDATA[inconsistent bug]]>
  </system-out>
  <testcase classname="testngFlag.Flag3" name="login" time="0.004"/>
  <system-out>
    <![CDATA[inconsistent bug]]>
  </system-out>
  <testcase classname="testngFlag.Flag3" name="login" time="0.031"/>
  <system-out>
    <![CDATA[inconsistent bug]]>
  </system-out>
  <testcase classname="testngFlag.Flag3" name="login" time="0.005"/>
  <system-out>
    <![CDATA[inconsistent bug]]>
  </system-out>
  <testcase classname="testngFlag.Flag3" name="login" time="0.002"/>
  <system-out>
    <![CDATA[inconsistent bug]]>
  </system-out>
  <testcase classname="testngFlag.Flag3" name="login" time="0.003"/>
  <system-out>
    <![CDATA[inconsistent bug]]>
  </system-out>
  <testcase classname="testngFlag.Flag3" name="login" time="0.002"/>
  <system-out>
    <![CDATA[inconsistent bug]]>
  </system-out>
  <testcase classname="testngFlag.Flag3" name="login" time="0.001"/>
  <system-out>
    <![CDATA[inconsistent bug]]>
  </system-out>
  <testcase classname="testngFlag.Flag3" name="login" time="0.000"/>
  <system-out>
    <![CDATA[inconsistent bug]]>
  </system-out>
  <testcase classname="testngFlag.Flag3" name="login" time="0.002"/>
  <system-out>
    <![CDATA[inconsistent bug]]>
  </system-out>
  <testcase classname="testngFlag.Flag3" name="login" time="0.001"/>
  <system-out>
    <![CDATA[inconsistent bug]]>
  </system-out>
  <testcase classname="testngFlag.Flag3" name="login" time="0.003"/>
  <system-out>
    <![CDATA[inconsistent bug]]>
  </system-out>
  <testcase classname="testngFlag.Flag3" name="login" time="0.001"/>
  <system-out>
    <![CDATA[inconsistent bug]]>
  </system-out>
  <testcase classname="testngFlag.Flag3" name="login" time="0.001"/>
  <system-out>
    <![CDATA[inconsistent bug]]>
  </system-out>
  <testcase classname="testngFlag.Flag3" name="login" time="0.002"/>
  <system-out>
    <![CDATA[inconsistent bug]]>
  </system-out>
  <testcase classname="testngFlag.Flag3" name="login" time="0.001"/>
  <system-out>
    <![CDATA[inconsistent bug]]>
  </system-out>
  <testcase classname="testngFlag.Flag3" name="login" time="0.002"/>
  <system-out>
    <![CDATA[inconsistent bug]]>
  </system-out>
  <testcase classname="testngFlag.Flag3" name="login" time="0.001"/>
  <system-out>
    <![CDATA[inconsistent bug]]>
  </system-out>
  <testcase classname="testngFlag.Flag3" name="login" time="0.001"/>
  <system-out>
    <![CDATA[inconsistent bug]]>
  </system-out>
  <testcase classname="testngFlag.Flag3" name="login" time="0.001"/>
  <system-out>
    <![CDATA[inconsistent bug]]>
  </system-out>
  <testcase classname="testngFlag.Flag3" name="login" time="0.003"/>
  <system-out>
    <![CDATA[inconsistent bug]]>
  </system-out>
  <testcase classname="testngFlag.Flag3" name="login" time="0.002"/>
  <system-out>
    <![CDATA[inconsistent bug]]>
  </system-out>
  <testcase classname="testngFlag.Flag3" name="login" time="0.001"/>
  <system-out>
    <![CDATA[inconsistent bug]]>
  </system-out>
  <testcase classname="testngFlag.Flag3" name="login" time="0.002"/>
  <system-out>
    <![CDATA[inconsistent bug]]>
  </system-out>
  <testcase classname="testngFlag.Flag3" name="login" time="0.002"/>
  <system-out>
    <![CDATA[inconsistent bug]]>
  </system-out>
  <testcase classname="testngFlag.Flag3" name="login" time="0.001"/>
  <system-out>
    <![CDATA[inconsistent bug]]>
  </system-out>
  <testcase classname="testngFlag.Flag3" name="login" time="0.001"/>
  <system-out>
    <![CDATA[inconsistent bug]]>
  </system-out>
  <testcase classname="testngFlag.Flag3" name="login" time="0.032"/>
  <system-out>
    <![CDATA[inconsistent bug]]>
  </system-out>
  <testcase classname="testngFlag.Flag3" name="login" time="0.001"/>
  <system-out>
    <![CDATA[inconsistent bug]]>
  </system-out>
  <testcase classname="testngFlag.Flag3" name="login" time="0.001"/>
  <system-out>
    <![CDATA[inconsistent bug]]>
  </system-out>
  <testcase classname="testngFlag.Flag3" name="login" time="0.002"/>
  <system-out>
    <![CDATA[inconsistent bug]]>
  </system-out>
  <testcase classname="testngFlag.Flag3" name="login" time="0.002"/>
  <system-out>
    <![CDATA[inconsistent bug]]>
  </system-out>
  <testcase classname="testngFlag.Flag3" name="login" time="0.001"/>
  <system-out>
    <![CDATA[inconsistent bug]]>
  </system-out>
  <testcase classname="testngFlag.Flag3" name="login" time="0.001"/>
  <system-out>
    <![CDATA[inconsistent bug]]>
  </system-out>
  <testcase classname="testngFlag.Flag3" name="login" time="0.001"/>
  <system-out>
    <![CDATA[inconsistent bug]]>
  </system-out>
  <testcase classname="testngFlag.Flag3" name="login" time="0.004"/>
  <system-out>
    <![CDATA[inconsistent bug]]>
  </system-out>
  <testcase classname="testngFlag.Flag3" name="login" time="0.002"/>
  <system-out>
    <![CDATA[inconsistent bug]]>
  </system-out>
  <testcase classname="testngFlag.Flag3" name="login" time="0.001"/>
  <system-out>
    <![CDATA[inconsistent bug]]>
  </system-out>
  <testcase classname="testngFlag.Flag3" name="login" time="0.001"/>
  <system-out>
    <![CDATA[inconsistent bug]]>
  </system-out>
  <testcase classname="testngFlag.Flag3" name="login" time="0.001"/>
  <system-out>
    <![CDATA[inconsistent bug]]>
  </system-out>
  <testcase classname="testngFlag.Flag3" name="login" time="0.000"/>
  <system-out>
    <![CDATA[inconsistent bug]]>
  </system-out>
  <testcase classname="testngFlag.Flag3" name="login" time="0.002"/>
  <system-out>
    <![CDATA[inconsistent bug]]>
  </system-out>
  <testcase classname="testngFlag.Flag3" name="login" time="0.001"/>
  <system-out>
    <![CDATA[inconsistent bug]]>
  </system-out>
  <testcase classname="testngFlag.Flag3" name="login" time="0.042"/>
  <system-out>
    <![CDATA[inconsistent bug]]>
  </system-out>
  <testcase classname="testngFlag.Flag3" name="login" time="0.000"/>
  <system-out>
    <![CDATA[inconsistent bug]]>
  </system-out>
  <testcase classname="testngFlag.Flag3" name="login" time="0.006"/>
  <system-out>
    <![CDATA[inconsistent bug]]>
  </system-out>
  <testcase classname="testngFlag.Flag3" name="login" time="0.001"/>
  <system-out>
    <![CDATA[inconsistent bug]]>
  </system-out>
  <testcase classname="testngFlag.Flag3" name="login" time="0.001"/>
  <system-out>
    <![CDATA[inconsistent bug]]>
  </system-out>
  <testcase classname="testngFlag.Flag3" name="login" time="0.001"/>
  <system-out>
    <![CDATA[inconsistent bug]]>
  </system-out>
  <testcase classname="testngFlag.Flag3" name="login" time="0.001"/>
  <system-out>
    <![CDATA[inconsistent bug]]>
  </system-out>
  <testcase classname="testngFlag.Flag3" name="login" time="0.001"/>
  <system-out>
    <![CDATA[inconsistent bug]]>
  </system-out>
  <testcase classname="testngFlag.Flag3" name="login" time="0.001"/>
  <system-out>
    <![CDATA[inconsistent bug]]>
  </system-out>
  <testcase classname="testngFlag.Flag3" name="login" time="0.002"/>
  <system-out>
    <![CDATA[inconsistent bug]]>
  </system-out>
  <testcase classname="testngFlag.Flag3" name="login" time="0.001"/>
  <system-out>
    <![CDATA[inconsistent bug]]>
  </system-out>
  <testcase classname="testngFlag.Flag3" name="login" time="0.001"/>
  <system-out>
    <![CDATA[inconsistent bug]]>
  </system-out>
  <testcase classname="testngFlag.Flag3" name="login" time="0.002"/>
  <system-out>
    <![CDATA[inconsistent bug]]>
  </system-out>
  <testcase classname="testngFlag.Flag3" name="login" time="0.009"/>
  <system-out>
    <![CDATA[inconsistent bug]]>
  </system-out>
  <testcase classname="testngFlag.Flag3" name="login" time="0.001"/>
  <system-out>
    <![CDATA[inconsistent bug]]>
  </system-out>
  <testcase classname="testngFlag.Flag3" name="login" time="0.003"/>
  <system-out>
    <![CDATA[inconsistent bug]]>
  </system-out>
  <testcase classname="testngFlag.Flag3" name="login" time="0.001"/>
  <system-out>
    <![CDATA[inconsistent bug]]>
  </system-out>
  <testcase classname="testngFlag.Flag3" name="login" time="0.003"/>
  <system-out>
    <![CDATA[inconsistent bug]]>
  </system-out>
  <testcase classname="testngFlag.Flag3" name="login" time="0.002"/>
  <system-out>
    <![CDATA[inconsistent bug]]>
  </system-out>
  <testcase classname="testngFlag.Flag3" name="login" time="0.002"/>
  <system-out>
    <![CDATA[inconsistent bug]]>
  </system-out>
  <testcase classname="testngFlag.Flag3" name="login" time="0.051"/>
  <system-out>
    <![CDATA[inconsistent bug]]>
  </system-out>
  <testcase classname="testngFlag.Flag3" name="login" time="0.003"/>
  <system-out>
    <![CDATA[inconsistent bug]]>
  </system-out>
  <testcase classname="testngFlag.Flag3" name="login" time="0.003"/>
  <system-out>
    <![CDATA[inconsistent bug]]>
  </system-out>
  <testcase classname="testngFlag.Flag3" name="login" time="0.001"/>
  <system-out>
    <![CDATA[inconsistent bug]]>
  </system-out>
  <testcase classname="testngFlag.Flag3" name="login" time="0.001"/>
  <system-out>
    <![CDATA[inconsistent bug]]>
  </system-out>
  <testcase classname="testngFlag.Flag3" name="login" time="0.002"/>
  <system-out>
    <![CDATA[inconsistent bug]]>
  </system-out>
  <testcase classname="testngFlag.Flag3" name="login" time="0.006"/>
  <system-out>
    <![CDATA[inconsistent bug]]>
  </system-out>
  <testcase classname="testngFlag.Flag3" name="login" time="0.001"/>
  <system-out>
    <![CDATA[inconsistent bug]]>
  </system-out>
  <testcase classname="testngFlag.Flag3" name="login" time="0.002"/>
  <system-out>
    <![CDATA[inconsistent bug]]>
  </system-out>
  <testcase classname="testngFlag.Flag3" name="login" time="0.002"/>
  <system-out>
    <![CDATA[inconsistent bug]]>
  </system-out>
  <testcase classname="testngFlag.Flag3" name="login" time="0.006"/>
  <system-out>
    <![CDATA[inconsistent bug]]>
  </system-out>
  <testcase classname="testngFlag.Flag3" name="login" time="0.001"/>
  <system-out>
    <![CDATA[inconsistent bug]]>
  </system-out>
  <testcase classname="testngFlag.Flag3" name="login" time="0.001"/>
  <system-out>
    <![CDATA[inconsistent bug]]>
  </system-out>
  <testcase classname="testngFlag.Flag3" name="login" time="0.002"/>
  <system-out>
    <![CDATA[inconsistent bug]]>
  </system-out>
  <testcase classname="testngFlag.Flag3" name="login" time="0.002"/>
  <system-out>
    <![CDATA[inconsistent bug]]>
  </system-out>
  <testcase classname="testngFlag.Flag3" name="login" time="0.001"/>
  <system-out>
    <![CDATA[inconsistent bug]]>
  </system-out>
  <testcase classname="testngFlag.Flag3" name="login" time="0.002"/>
  <system-out>
    <![CDATA[inconsistent bug]]>
  </system-out>
  <testcase classname="testngFlag.Flag3" name="login" time="0.002"/>
  <system-out>
    <![CDATA[inconsistent bug]]>
  </system-out>
  <testcase classname="testngFlag.Flag3" name="login" time="0.004"/>
  <system-out>
    <![CDATA[inconsistent bug]]>
  </system-out>
  <testcase classname="testngFlag.Flag3" name="login" time="0.001"/>
  <system-out>
    <![CDATA[inconsistent bug]]>
  </system-out>
  <testcase classname="testngFlag.Flag3" name="login" time="0.001"/>
  <system-out>
    <![CDATA[inconsistent bug]]>
  </system-out>
  <testcase classname="testngFlag.Flag3" name="login" time="0.001"/>
  <system-out>
    <![CDATA[inconsistent bug]]>
  </system-out>
  <testcase classname="testngFlag.Flag3" name="login" time="0.001"/>
  <system-out>
    <![CDATA[inconsistent bug]]>
  </system-out>
  <testcase classname="testngFlag.Flag3" name="login" time="0.002"/>
  <system-out>
    <![CDATA[inconsistent bug]]>
  </system-out>
  <testcase classname="testngFlag.Flag3" name="login" time="0.001"/>
  <system-out>
    <![CDATA[inconsistent bug]]>
  </system-out>
  <testcase classname="testngFlag.Flag3" name="login" time="0.001"/>
  <system-out>
    <![CDATA[inconsistent bug]]>
  </system-out>
  <testcase classname="testngFlag.Flag3" name="login" time="0.011"/>
  <system-out>
    <![CDATA[inconsistent bug]]>
  </system-out>
  <testcase classname="testngFlag.Flag3" name="login" time="0.003"/>
  <system-out>
    <![CDATA[inconsistent bug]]>
  </system-out>
  <testcase classname="testngFlag.Flag3" name="login" time="0.001"/>
  <system-out>
    <![CDATA[inconsistent bug]]>
  </system-out>
  <testcase classname="testngFlag.Flag3" name="login" time="0.002"/>
  <system-out>
    <![CDATA[inconsistent bug]]>
  </system-out>
  <testcase classname="testngFlag.Flag3" name="login" time="0.001"/>
  <system-out>
    <![CDATA[inconsistent bug]]>
  </system-out>
  <testcase classname="testngFlag.Flag3" name="login" time="0.016"/>
  <system-out>
    <![CDATA[inconsistent bug]]>
  </system-out>
  <testcase classname="testngFlag.Flag3" name="login" time="0.004"/>
  <system-out>
    <![CDATA[inconsistent bug]]>
  </system-out>
  <testcase classname="testngFlag.Flag3" name="login" time="0.001"/>
  <system-out>
    <![CDATA[inconsistent bug]]>
  </system-out>
  <testcase classname="testngFlag.Flag3" name="login" time="0.001"/>
  <system-out>
    <![CDATA[inconsistent bug]]>
  </system-out>
  <testcase classname="testngFlag.Flag3" name="login" time="0.002"/>
  <system-out>
    <![CDATA[inconsistent bug]]>
  </system-out>
  <testcase classname="testngFlag.Flag3" name="login" time="0.004"/>
  <system-out>
    <![CDATA[inconsistent bug]]>
  </system-out>
  <testcase classname="testngFlag.Flag3" name="login" time="0.002"/>
  <system-out>
    <![CDATA[inconsistent bug]]>
  </system-out>
  <testcase classname="testngFlag.Flag3" name="login" time="0.003"/>
  <system-out>
    <![CDATA[inconsistent bug]]>
  </system-out>
  <testcase classname="testngFlag.Flag3" name="login" time="0.002"/>
  <system-out>
    <![CDATA[inconsistent bug]]>
  </system-out>
  <testcase classname="testngFlag.Flag3" name="login" time="0.001"/>
  <system-out>
    <![CDATA[inconsistent bug]]>
  </system-out>
  <testcase classname="testngFlag.Flag3" name="login" time="0.001"/>
  <system-out>
    <![CDATA[inconsistent bug]]>
  </system-out>
  <testcase classname="testngFlag.Flag3" name="login" time="0.001"/>
  <system-out>
    <![CDATA[inconsistent bug]]>
  </system-out>
  <testcase classname="testngFlag.Flag3" name="login" time="0.001"/>
  <system-out>
    <![CDATA[inconsistent bug]]>
  </system-out>
  <testcase classname="testngFlag.Flag3" name="login" time="0.001"/>
  <system-out>
    <![CDATA[inconsistent bug]]>
  </system-out>
  <testcase classname="testngFlag.Flag3" name="login" time="0.001"/>
  <system-out>
    <![CDATA[inconsistent bug]]>
  </system-out>
  <testcase classname="testngFlag.Flag3" name="login" time="0.000"/>
  <system-out>
    <![CDATA[inconsistent bug]]>
  </system-out>
  <testcase classname="testngFlag.Flag3" name="login" time="0.026"/>
  <system-out>
    <![CDATA[inconsistent bug]]>
  </system-out>
  <testcase classname="testngFlag.Flag3" name="login" time="0.001"/>
  <system-out>
    <![CDATA[inconsistent bug]]>
  </system-out>
  <testcase classname="testngFlag.Flag3" name="login" time="0.001"/>
  <system-out>
    <![CDATA[inconsistent bug]]>
  </system-out>
  <testcase classname="testngFlag.Flag3" name="login" time="0.003"/>
  <system-out>
    <![CDATA[inconsistent bug]]>
  </system-out>
  <testcase classname="testngFlag.Flag3" name="login" time="0.001"/>
  <system-out>
    <![CDATA[inconsistent bug]]>
  </system-out>
  <testcase classname="testngFlag.Flag3" name="login" time="0.001"/>
  <system-out>
    <![CDATA[inconsistent bug]]>
  </system-out>
  <testcase classname="testngFlag.Flag3" name="login" time="0.001"/>
  <system-out>
    <![CDATA[inconsistent bug]]>
  </system-out>
  <testcase classname="testngFlag.Flag3" name="login" time="0.001"/>
  <system-out>
    <![CDATA[inconsistent bug]]>
  </system-out>
  <testcase classname="testngFlag.Flag3" name="login" time="0.001"/>
  <system-out>
    <![CDATA[inconsistent bug]]>
  </system-out>
  <testcase classname="testngFlag.Flag3" name="login" time="0.001"/>
  <system-out>
    <![CDATA[inconsistent bug]]>
  </system-out>
  <testcase classname="testngFlag.Flag3" name="login" time="0.002"/>
  <system-out>
    <![CDATA[inconsistent bug]]>
  </system-out>
  <testcase classname="testngFlag.Flag3" name="login" time="0.002"/>
  <system-out>
    <![CDATA[inconsistent bug]]>
  </system-out>
  <testcase classname="testngFlag.Flag3" name="login" time="0.002"/>
  <system-out>
    <![CDATA[inconsistent bug]]>
  </system-out>
  <testcase classname="testngFlag.Flag3" name="login" time="0.001"/>
  <system-out>
    <![CDATA[inconsistent bug]]>
  </system-out>
  <testcase classname="testngFlag.Flag3" name="login" time="0.001"/>
  <system-out>
    <![CDATA[inconsistent bug]]>
  </system-out>
  <testcase classname="testngFlag.Flag3" name="login" time="0.004"/>
  <system-out>
    <![CDATA[inconsistent bug]]>
  </system-out>
  <testcase classname="testngFlag.Flag3" name="login" time="0.001"/>
  <system-out>
    <![CDATA[inconsistent bug]]>
  </system-out>
  <testcase classname="testngFlag.Flag3" name="login" time="0.002"/>
  <system-out>
    <![CDATA[inconsistent bug]]>
  </system-out>
  <testcase classname="testngFlag.Flag3" name="login" time="0.001"/>
  <system-out>
    <![CDATA[inconsistent bug]]>
  </system-out>
  <testcase classname="testngFlag.Flag3" name="login" time="0.001"/>
  <system-out>
    <![CDATA[inconsistent bug]]>
  </system-out>
  <testcase classname="testngFlag.Flag3" name="login" time="0.002"/>
  <system-out>
    <![CDATA[inconsistent bug]]>
  </system-out>
  <testcase classname="testngFlag.Flag3" name="login" time="0.000"/>
  <system-out>
    <![CDATA[inconsistent bug]]>
  </system-out>
  <testcase classname="testngFlag.Flag3" name="login" time="0.001"/>
  <system-out>
    <![CDATA[inconsistent bug]]>
  </system-out>
  <testcase classname="testngFlag.Flag3" name="login" time="0.000"/>
  <system-out>
    <![CDATA[inconsistent bug]]>
  </system-out>
  <testcase classname="testngFlag.Flag3" name="login" time="0.001"/>
  <system-out>
    <![CDATA[inconsistent bug]]>
  </system-out>
  <testcase classname="testngFlag.Flag3" name="login" time="0.008"/>
  <system-out>
    <![CDATA[inconsistent bug]]>
  </system-out>
  <testcase classname="testngFlag.Flag3" name="login" time="0.001"/>
  <system-out>
    <![CDATA[inconsistent bug]]>
  </system-out>
  <testcase classname="testngFlag.Flag3" name="login" time="0.001"/>
  <system-out>
    <![CDATA[inconsistent bug]]>
  </system-out>
  <testcase classname="testngFlag.Flag3" name="login" time="0.002"/>
  <system-out>
    <![CDATA[inconsistent bug]]>
  </system-out>
  <testcase classname="testngFlag.Flag3" name="login" time="0.002"/>
  <system-out>
    <![CDATA[inconsistent bug]]>
  </system-out>
  <testcase classname="testngFlag.Flag3" name="login" time="0.001"/>
  <system-out>
    <![CDATA[inconsistent bug]]>
  </system-out>
  <testcase classname="testngFlag.Flag3" name="login" time="0.001"/>
  <system-out>
    <![CDATA[inconsistent bug]]>
  </system-out>
  <testcase classname="testngFlag.Flag3" name="login" time="0.002"/>
  <system-out>
    <![CDATA[inconsistent bug]]>
  </system-out>
  <testcase classname="testngFlag.Flag3" name="login" time="0.001"/>
  <system-out>
    <![CDATA[inconsistent bug]]>
  </system-out>
  <testcase classname="testngFlag.Flag3" name="login" time="0.001"/>
  <system-out>
    <![CDATA[inconsistent bug]]>
  </system-out>
  <testcase classname="testngFlag.Flag3" name="login" time="0.000"/>
  <system-out>
    <![CDATA[inconsistent bug]]>
  </system-out>
  <testcase classname="testngFlag.Flag3" name="login" time="0.001"/>
  <system-out>
    <![CDATA[inconsistent bug]]>
  </system-out>
  <testcase classname="testngFlag.Flag3" name="login" time="0.002"/>
  <system-out>
    <![CDATA[inconsistent bug]]>
  </system-out>
  <testcase classname="testngFlag.Flag3" name="login" time="0.001"/>
  <system-out>
    <![CDATA[inconsistent bug]]>
  </system-out>
  <testcase classname="testngFlag.Flag3" name="login" time="0.001"/>
  <system-out>
    <![CDATA[inconsistent bug]]>
  </system-out>
  <testcase classname="testngFlag.Flag3" name="login" time="0.001"/>
  <system-out>
    <![CDATA[inconsistent bug]]>
  </system-out>
  <testcase classname="testngFlag.Flag3" name="login" time="0.002"/>
  <system-out>
    <![CDATA[inconsistent bug]]>
  </system-out>
  <testcase classname="testngFlag.Flag3" name="login" time="0.002"/>
  <system-out>
    <![CDATA[inconsistent bug]]>
  </system-out>
  <testcase classname="testngFlag.Flag3" name="login" time="0.000"/>
  <system-out>
    <![CDATA[inconsistent bug]]>
  </system-out>
  <testcase classname="testngFlag.Flag3" name="login" time="0.000"/>
  <system-out>
    <![CDATA[inconsistent bug]]>
  </system-out>
  <testcase classname="testngFlag.Flag3" name="login" time="0.001"/>
  <system-out>
    <![CDATA[inconsistent bug]]>
  </system-out>
  <testcase classname="testngFlag.Flag3" name="login" time="0.003"/>
  <system-out>
    <![CDATA[inconsistent bug]]>
  </system-out>
  <testcase classname="testngFlag.Flag3" name="login" time="0.002"/>
  <system-out>
    <![CDATA[inconsistent bug]]>
  </system-out>
  <testcase classname="testngFlag.Flag3" name="login" time="0.010"/>
  <system-out>
    <![CDATA[inconsistent bug]]>
  </system-out>
  <testcase classname="testngFlag.Flag3" name="login" time="0.001"/>
  <system-out>
    <![CDATA[inconsistent bug]]>
  </system-out>
  <testcase classname="testngFlag.Flag3" name="login" time="0.001"/>
  <system-out>
    <![CDATA[inconsistent bug]]>
  </system-out>
  <testcase classname="testngFlag.Flag3" name="login" time="0.001"/>
  <system-out>
    <![CDATA[inconsistent bug]]>
  </system-out>
  <testcase classname="testngFlag.Flag3" name="login" time="0.005"/>
  <system-out>
    <![CDATA[inconsistent bug]]>
  </system-out>
  <testcase classname="testngFlag.Flag3" name="login" time="0.001"/>
  <system-out>
    <![CDATA[inconsistent bug]]>
  </system-out>
  <testcase classname="testngFlag.Flag3" name="login" time="0.000"/>
  <system-out>
    <![CDATA[inconsistent bug]]>
  </system-out>
  <testcase classname="testngFlag.Flag3" name="login" time="0.005"/>
  <system-out>
    <![CDATA[inconsistent bug]]>
  </system-out>
  <testcase classname="testngFlag.Flag3" name="login" time="0.001"/>
  <system-out>
    <![CDATA[inconsistent bug]]>
  </system-out>
  <testcase classname="testngFlag.Flag3" name="login" time="0.006"/>
  <system-out>
    <![CDATA[inconsistent bug]]>
  </system-out>
  <testcase classname="testngFlag.Flag3" name="login" time="0.001"/>
  <system-out>
    <![CDATA[inconsistent bug]]>
  </system-out>
  <testcase classname="testngFlag.Flag3" name="login" time="0.002"/>
  <system-out>
    <![CDATA[inconsistent bug]]>
  </system-out>
  <testcase classname="testngFlag.Flag3" name="login" time="0.020"/>
  <system-out>
    <![CDATA[inconsistent bug]]>
  </system-out>
  <testcase classname="testngFlag.Flag3" name="login" time="0.011"/>
  <system-out>
    <![CDATA[inconsistent bug]]>
  </system-out>
  <testcase classname="testngFlag.Flag3" name="login" time="0.001"/>
  <system-out>
    <![CDATA[inconsistent bug]]>
  </system-out>
  <testcase classname="testngFlag.Flag3" name="login" time="0.002"/>
  <system-out>
    <![CDATA[inconsistent bug]]>
  </system-out>
  <testcase classname="testngFlag.Flag3" name="login" time="0.001"/>
  <system-out>
    <![CDATA[inconsistent bug]]>
  </system-out>
  <testcase classname="testngFlag.Flag3" name="login" time="0.004"/>
  <system-out>
    <![CDATA[inconsistent bug]]>
  </system-out>
  <testcase classname="testngFlag.Flag3" name="login" time="0.001"/>
  <system-out>
    <![CDATA[inconsistent bug]]>
  </system-out>
  <testcase classname="testngFlag.Flag3" name="login" time="0.006"/>
  <system-out>
    <![CDATA[inconsistent bug]]>
  </system-out>
  <testcase classname="testngFlag.Flag3" name="login" time="0.004"/>
  <system-out>
    <![CDATA[inconsistent bug]]>
  </system-out>
  <testcase classname="testngFlag.Flag3" name="login" time="0.001"/>
  <system-out>
    <![CDATA[inconsistent bug]]>
  </system-out>
  <testcase classname="testngFlag.Flag3" name="login" time="0.001"/>
  <system-out>
    <![CDATA[inconsistent bug]]>
  </system-out>
  <testcase classname="testngFlag.Flag3" name="login" time="0.000"/>
  <system-out>
    <![CDATA[inconsistent bug]]>
  </system-out>
  <testcase classname="testngFlag.Flag3" name="login" time="0.002"/>
  <system-out>
    <![CDATA[inconsistent bug]]>
  </system-out>
  <testcase classname="testngFlag.Flag3" name="login" time="0.000"/>
  <system-out>
    <![CDATA[inconsistent bug]]>
  </system-out>
  <testcase classname="testngFlag.Flag3" name="login" time="0.001"/>
  <system-out>
    <![CDATA[inconsistent bug]]>
  </system-out>
  <testcase classname="testngFlag.Flag3" name="login" time="0.001"/>
  <system-out>
    <![CDATA[inconsistent bug]]>
  </system-out>
  <testcase classname="testngFlag.Flag3" name="login" time="0.022"/>
  <system-out>
    <![CDATA[inconsistent bug]]>
  </system-out>
  <testcase classname="testngFlag.Flag3" name="login" time="0.001"/>
  <system-out>
    <![CDATA[inconsistent bug]]>
  </system-out>
  <testcase classname="testngFlag.Flag3" name="login" time="0.001"/>
  <system-out>
    <![CDATA[inconsistent bug]]>
  </system-out>
  <testcase classname="testngFlag.Flag3" name="login" time="0.000"/>
  <system-out>
    <![CDATA[inconsistent bug]]>
  </system-out>
  <testcase classname="testngFlag.Flag3" name="login" time="0.001"/>
  <system-out>
    <![CDATA[inconsistent bug]]>
  </system-out>
  <testcase classname="testngFlag.Flag3" name="login" time="0.001"/>
  <system-out>
    <![CDATA[inconsistent bug]]>
  </system-out>
  <testcase classname="testngFlag.Flag3" name="login" time="0.001"/>
  <system-out>
    <![CDATA[inconsistent bug]]>
  </system-out>
  <testcase classname="testngFlag.Flag3" name="login" time="0.002"/>
  <system-out>
    <![CDATA[inconsistent bug]]>
  </system-out>
  <testcase classname="testngFlag.Flag3" name="login" time="0.002"/>
  <system-out>
    <![CDATA[inconsistent bug]]>
  </system-out>
  <testcase classname="testngFlag.Flag3" name="login" time="0.003"/>
  <system-out>
    <![CDATA[inconsistent bug]]>
  </system-out>
  <testcase classname="testngFlag.Flag3" name="login" time="0.001"/>
  <system-out>
    <![CDATA[inconsistent bug]]>
  </system-out>
  <testcase classname="testngFlag.Flag3" name="login" time="0.001"/>
  <system-out>
    <![CDATA[inconsistent bug]]>
  </system-out>
  <testcase classname="testngFlag.Flag3" name="login" time="0.002"/>
  <system-out>
    <![CDATA[inconsistent bug]]>
  </system-out>
  <testcase classname="testngFlag.Flag3" name="login" time="0.002"/>
  <system-out>
    <![CDATA[inconsistent bug]]>
  </system-out>
  <testcase classname="testngFlag.Flag3" name="login" time="0.002"/>
  <system-out>
    <![CDATA[inconsistent bug]]>
  </system-out>
  <testcase classname="testngFlag.Flag3" name="login" time="0.001"/>
  <system-out>
    <![CDATA[inconsistent bug]]>
  </system-out>
  <testcase classname="testngFlag.Flag3" name="login" time="0.005"/>
  <system-out>
    <![CDATA[inconsistent bug]]>
  </system-out>
  <testcase classname="testngFlag.Flag3" name="login" time="0.001"/>
  <system-out>
    <![CDATA[inconsistent bug]]>
  </system-out>
  <testcase classname="testngFlag.Flag3" name="login" time="0.003"/>
  <system-out>
    <![CDATA[inconsistent bug]]>
  </system-out>
  <testcase classname="testngFlag.Flag3" name="login" time="0.001"/>
  <system-out>
    <![CDATA[inconsistent bug]]>
  </system-out>
  <testcase classname="testngFlag.Flag3" name="login" time="0.002"/>
  <system-out>
    <![CDATA[inconsistent bug]]>
  </system-out>
  <testcase classname="testngFlag.Flag3" name="login" time="0.003"/>
  <system-out>
    <![CDATA[inconsistent bug]]>
  </system-out>
  <testcase classname="testngFlag.Flag3" name="login" time="0.004"/>
  <system-out>
    <![CDATA[inconsistent bug]]>
  </system-out>
  <testcase classname="testngFlag.Flag3" name="login" time="0.004"/>
  <system-out>
    <![CDATA[inconsistent bug]]>
  </system-out>
  <testcase classname="testngFlag.Flag3" name="login" time="0.001"/>
  <system-out>
    <![CDATA[inconsistent bug]]>
  </system-out>
  <testcase classname="testngFlag.Flag3" name="login" time="0.001"/>
  <system-out>
    <![CDATA[inconsistent bug]]>
  </system-out>
  <testcase classname="testngFlag.Flag3" name="login" time="0.001"/>
  <system-out>
    <![CDATA[inconsistent bug]]>
  </system-out>
  <testcase classname="testngFlag.Flag3" name="login" time="0.001"/>
  <system-out>
    <![CDATA[inconsistent bug]]>
  </system-out>
  <testcase classname="testngFlag.Flag3" name="login" time="0.001"/>
  <system-out>
    <![CDATA[inconsistent bug]]>
  </system-out>
  <testcase classname="testngFlag.Flag3" name="login" time="0.002"/>
  <system-out>
    <![CDATA[inconsistent bug]]>
  </system-out>
  <testcase classname="testngFlag.Flag3" name="login" time="0.188"/>
  <system-out>
    <![CDATA[inconsistent bug]]>
  </system-out>
  <testcase classname="testngFlag.Flag3" name="login" time="0.002"/>
  <system-out>
    <![CDATA[inconsistent bug]]>
  </system-out>
  <testcase classname="testngFlag.Flag3" name="login" time="0.001"/>
  <system-out>
    <![CDATA[inconsistent bug]]>
  </system-out>
  <testcase classname="testngFlag.Flag3" name="login" time="0.002"/>
  <system-out>
    <![CDATA[inconsistent bug]]>
  </system-out>
  <testcase classname="testngFlag.Flag3" name="login" time="0.001"/>
  <system-out>
    <![CDATA[inconsistent bug]]>
  </system-out>
  <testcase classname="testngFlag.Flag3" name="login" time="0.001"/>
  <system-out>
    <![CDATA[inconsistent bug]]>
  </system-out>
  <testcase classname="testngFlag.Flag3" name="login" time="0.001"/>
  <system-out>
    <![CDATA[inconsistent bug]]>
  </system-out>
  <testcase classname="testngFlag.Flag3" name="login" time="0.001"/>
  <system-out>
    <![CDATA[inconsistent bug]]>
  </system-out>
  <testcase classname="testngFlag.Flag3" name="login" time="0.000"/>
  <system-out>
    <![CDATA[inconsistent bug]]>
  </system-out>
  <testcase classname="testngFlag.Flag3" name="login" time="0.002"/>
  <system-out>
    <![CDATA[inconsistent bug]]>
  </system-out>
  <testcase classname="testngFlag.Flag3" name="login" time="0.011"/>
  <system-out>
    <![CDATA[inconsistent bug]]>
  </system-out>
  <testcase classname="testngFlag.Flag3" name="login" time="0.003"/>
  <system-out>
    <![CDATA[inconsistent bug]]>
  </system-out>
  <testcase classname="testngFlag.Flag3" name="login" time="0.002"/>
  <system-out>
    <![CDATA[inconsistent bug]]>
  </system-out>
  <testcase classname="testngFlag.Flag3" name="login" time="0.004"/>
  <system-out>
    <![CDATA[inconsistent bug]]>
  </system-out>
  <testcase classname="testngFlag.Flag3" name="login" time="0.003"/>
  <system-out>
    <![CDATA[inconsistent bug]]>
  </system-out>
  <testcase classname="testngFlag.Flag3" name="login" time="0.001"/>
  <system-out>
    <![CDATA[inconsistent bug]]>
  </system-out>
  <testcase classname="testngFlag.Flag3" name="login" time="0.001"/>
  <system-out>
    <![CDATA[inconsistent bug]]>
  </system-out>
  <testcase classname="testngFlag.Flag3" name="login" time="0.002"/>
  <system-out>
    <![CDATA[inconsistent bug]]>
  </system-out>
  <testcase classname="testngFlag.Flag3" name="login" time="0.005"/>
  <system-out>
    <![CDATA[inconsistent bug]]>
  </system-out>
  <testcase classname="testngFlag.Flag3" name="login" time="0.001"/>
  <system-out>
    <![CDATA[inconsistent bug]]>
  </system-out>
  <testcase classname="testngFlag.Flag3" name="login" time="0.000"/>
  <system-out>
    <![CDATA[inconsistent bug]]>
  </system-out>
  <testcase classname="testngFlag.Flag3" name="login" time="0.002"/>
  <system-out>
    <![CDATA[inconsistent bug]]>
  </system-out>
  <testcase classname="testngFlag.Flag3" name="login" time="0.002"/>
  <system-out>
    <![CDATA[inconsistent bug]]>
  </system-out>
  <testcase classname="testngFlag.Flag3" name="login" time="0.002"/>
  <system-out>
    <![CDATA[inconsistent bug]]>
  </system-out>
  <testcase classname="testngFlag.Flag3" name="login" time="0.002"/>
  <system-out>
    <![CDATA[inconsistent bug]]>
  </system-out>
  <testcase classname="testngFlag.Flag3" name="login" time="0.000"/>
  <system-out>
    <![CDATA[inconsistent bug]]>
  </system-out>
  <testcase classname="testngFlag.Flag3" name="login" time="0.010"/>
  <system-out>
    <![CDATA[inconsistent bug]]>
  </system-out>
  <testcase classname="testngFlag.Flag3" name="login" time="0.000"/>
  <system-out>
    <![CDATA[inconsistent bug]]>
  </system-out>
  <testcase classname="testngFlag.Flag3" name="login" time="0.000"/>
  <system-out>
    <![CDATA[inconsistent bug]]>
  </system-out>
  <testcase classname="testngFlag.Flag3" name="login" time="0.002"/>
  <system-out>
    <![CDATA[inconsistent bug]]>
  </system-out>
  <testcase classname="testngFlag.Flag3" name="login" time="0.002"/>
  <system-out>
    <![CDATA[inconsistent bug]]>
  </system-out>
  <testcase classname="testngFlag.Flag3" name="login" time="0.000"/>
  <system-out>
    <![CDATA[inconsistent bug]]>
  </system-out>
  <testcase classname="testngFlag.Flag3" name="login" time="0.001"/>
  <system-out>
    <![CDATA[inconsistent bug]]>
  </system-out>
  <testcase classname="testngFlag.Flag3" name="login" time="0.001"/>
  <system-out>
    <![CDATA[inconsistent bug]]>
  </system-out>
  <testcase classname="testngFlag.Flag3" name="login" time="0.001"/>
  <system-out>
    <![CDATA[inconsistent bug]]>
  </system-out>
  <testcase classname="testngFlag.Flag3" name="login" time="0.002"/>
  <system-out>
    <![CDATA[inconsistent bug]]>
  </system-out>
  <testcase classname="testngFlag.Flag3" name="login" time="0.002"/>
  <system-out>
    <![CDATA[inconsistent bug]]>
  </system-out>
  <testcase classname="testngFlag.Flag3" name="login" time="0.002"/>
  <system-out>
    <![CDATA[inconsistent bug]]>
  </system-out>
  <testcase classname="testngFlag.Flag3" name="login" time="0.001"/>
  <system-out>
    <![CDATA[inconsistent bug]]>
  </system-out>
  <testcase classname="testngFlag.Flag3" name="login" time="0.001"/>
  <system-out>
    <![CDATA[inconsistent bug]]>
  </system-out>
  <testcase classname="testngFlag.Flag3" name="login" time="0.001"/>
  <system-out>
    <![CDATA[inconsistent bug]]>
  </system-out>
  <testcase classname="testngFlag.Flag3" name="login" time="0.002"/>
  <system-out>
    <![CDATA[inconsistent bug]]>
  </system-out>
  <testcase classname="testngFlag.Flag3" name="login" time="0.004"/>
  <system-out>
    <![CDATA[inconsistent bug]]>
  </system-out>
  <testcase classname="testngFlag.Flag3" name="login" time="0.003"/>
  <system-out>
    <![CDATA[inconsistent bug]]>
  </system-out>
  <testcase classname="testngFlag.Flag3" name="login" time="0.001"/>
  <system-out>
    <![CDATA[inconsistent bug]]>
  </system-out>
  <testcase classname="testngFlag.Flag3" name="login" time="0.002"/>
  <system-out>
    <![CDATA[inconsistent bug]]>
  </system-out>
  <testcase classname="testngFlag.Flag3" name="login" time="0.000"/>
  <system-out>
    <![CDATA[inconsistent bug]]>
  </system-out>
  <testcase classname="testngFlag.Flag3" name="login" time="0.002"/>
  <system-out>
    <![CDATA[inconsistent bug]]>
  </system-out>
  <testcase classname="testngFlag.Flag3" name="login" time="0.006"/>
  <system-out>
    <![CDATA[inconsistent bug]]>
  </system-out>
  <testcase classname="testngFlag.Flag3" name="login" time="0.008"/>
  <system-out>
    <![CDATA[inconsistent bug]]>
  </system-out>
  <testcase classname="testngFlag.Flag3" name="login" time="0.001"/>
  <system-out>
    <![CDATA[inconsistent bug]]>
  </system-out>
  <testcase classname="testngFlag.Flag3" name="login" time="0.215"/>
  <system-out>
    <![CDATA[inconsistent bug]]>
  </system-out>
  <testcase classname="testngFlag.Flag3" name="login" time="0.002"/>
  <system-out>
    <![CDATA[inconsistent bug]]>
  </system-out>
  <testcase classname="testngFlag.Flag3" name="login" time="0.001"/>
  <system-out>
    <![CDATA[inconsistent bug]]>
  </system-out>
  <testcase classname="testngFlag.Flag3" name="login" time="0.003"/>
  <system-out>
    <![CDATA[inconsistent bug]]>
  </system-out>
  <testcase classname="testngFlag.Flag3" name="login" time="0.007"/>
  <system-out>
    <![CDATA[inconsistent bug]]>
  </system-out>
  <testcase classname="testngFlag.Flag3" name="login" time="0.003"/>
  <system-out>
    <![CDATA[inconsistent bug]]>
  </system-out>
  <testcase classname="testngFlag.Flag3" name="login" time="0.001"/>
  <system-out>
    <![CDATA[inconsistent bug]]>
  </system-out>
  <testcase classname="testngFlag.Flag3" name="login" time="0.002"/>
  <system-out>
    <![CDATA[inconsistent bug]]>
  </system-out>
  <testcase classname="testngFlag.Flag3" name="login" time="0.002"/>
  <system-out>
    <![CDATA[inconsistent bug]]>
  </system-out>
  <testcase classname="testngFlag.Flag3" name="login" time="0.002"/>
  <system-out>
    <![CDATA[inconsistent bug]]>
  </system-out>
  <testcase classname="testngFlag.Flag3" name="login" time="0.000"/>
  <system-out>
    <![CDATA[inconsistent bug]]>
  </system-out>
  <testcase classname="testngFlag.Flag3" name="login" time="0.001"/>
  <system-out>
    <![CDATA[inconsistent bug]]>
  </system-out>
  <testcase classname="testngFlag.Flag3" name="login" time="0.008"/>
  <system-out>
    <![CDATA[inconsistent bug]]>
  </system-out>
  <testcase classname="testngFlag.Flag3" name="login" time="0.019"/>
  <system-out>
    <![CDATA[inconsistent bug]]>
  </system-out>
  <testcase classname="testngFlag.Flag3" name="login" time="0.001"/>
  <system-out>
    <![CDATA[inconsistent bug]]>
  </system-out>
  <testcase classname="testngFlag.Flag3" name="login" time="0.001"/>
  <system-out>
    <![CDATA[inconsistent bug]]>
  </system-out>
  <testcase classname="testngFlag.Flag3" name="login" time="0.008"/>
  <system-out>
    <![CDATA[inconsistent bug]]>
  </system-out>
  <testcase classname="testngFlag.Flag3" name="login" time="0.001"/>
  <system-out>
    <![CDATA[inconsistent bug]]>
  </system-out>
  <testcase classname="testngFlag.Flag3" name="login" time="0.001"/>
  <system-out>
    <![CDATA[inconsistent bug]]>
  </system-out>
  <testcase classname="testngFlag.Flag3" name="login" time="0.001"/>
  <system-out>
    <![CDATA[inconsistent bug]]>
  </system-out>
  <testcase classname="testngFlag.Flag3" name="login" time="0.003"/>
[...]
  <testcase classname="testngFlag.Flag3" name="login" time="0.002"/>
  <system-out>
    <![CDATA[inconsistent bug]]>
  </system-out>
  <testcase classname="testngFlag.Flag3" name="login" time="0.002"/>
  <system-out>
    <![CDATA[inconsistent bug]]>
  </system-out>
  <testcase classname="testngFlag.Flag3" name="login" time="0.001"/>
  <system-out>
    <![CDATA[inconsistent bug]]>
  </system-out>
  <testcase classname="testngFlag.Flag3" name="login" time="0.000"/>
  <system-out>
    <![CDATA[inconsistent bug]]>
  </system-out>
  <testcase classname="testngFlag.Flag3" name="login" time="0.002"/>
  <system-out>
    <![CDATA[inconsistent bug]]>
  </system-out>
  <testcase classname="testngFlag.Flag3" name="login" time="0.002"/>
  <system-out>
    <![CDATA[inconsistent bug]]>
  </system-out>
  <testcase classname="testngFlag.Flag3" name="login" time="0.002"/>
  <system-out>
    <![CDATA[inconsistent bug]]>
  </system-out>
  <testcase classname="testngFlag.Flag3" name="login" time="0.002"/>
  <system-out>
    <![CDATA[inconsistent bug]]>
  </system-out>
  <testcase classname="testngFlag.Flag3" name="login" time="0.001"/>
  <system-out>
    <![CDATA[inconsistent bug]]>
  </system-out>
  <testcase classname="testngFlag.Flag3" name="login" time="0.004"/>
  <system-out>
    <![CDATA[inconsistent bug]]>
  </system-out>
  <testcase classname="testngFlag.Flag3" name="login" time="0.001"/>
  <system-out>
    <![CDATA[inconsistent bug]]>
  </system-out>
  <testcase classname="testngFlag.Flag3" name="login" time="0.003"/>
  <system-out>
    <![CDATA[inconsistent bug]]>
  </system-out>
  <testcase classname="testngFlag.Flag3" name="login" time="0.001"/>
  <system-out>
    <![CDATA[inconsistent bug]]>
  </system-out>
  <testcase classname="testngFlag.Flag3" name="login" time="0.013"/>
  <system-out>
    <![CDATA[inconsistent bug]]>
  </system-out>
  <testcase classname="testngFlag.Flag3" name="login" time="0.001"/>
  <system-out>
    <![CDATA[inconsistent bug]]>
  </system-out>
  <testcase classname="testngFlag.Flag3" name="login" time="0.002"/>
  <system-out>
    <![CDATA[inconsistent bug]]>
  </system-out>
  <testcase classname="testngFlag.Flag3" name="login" time="0.004"/>
  <system-out>
    <![CDATA[inconsistent bug]]>
  </system-out>
  <testcase classname="testngFlag.Flag3" name="login" time="0.001"/>
  <system-out>
    <![CDATA[inconsistent bug]]>
  </system-out>
  <testcase classname="testngFlag.Flag3" name="login" time="0.002"/>
  <system-out>
    <![CDATA[inconsistent bug]]>
  </system-out>
  <testcase classname="testngFlag.Flag3" name="login" time="0.001"/>
  <system-out>
    <![CDATA[inconsistent bug]]>
  </system-out>
  <testcase classname="testngFlag.Flag3" name="login" time="0.002"/>
  <system-out>
    <![CDATA[inconsistent bug]]>
  </system-out>
  <testcase classname="testngFlag.Flag3" name="login" time="0.001"/>
  <system-out>
    <![CDATA[inconsistent bug]]>
  </system-out>
  <testcase classname="testngFlag.Flag3" name="login" time="0.002"/>
  <system-out>
    <![CDATA[inconsistent bug]]>
  </system-out>
  <testcase classname="testngFlag.Flag3" name="login" time="0.001"/>
  <system-out>
    <![CDATA[inconsistent bug]]>
  </system-out>
  <testcase classname="testngFlag.Flag3" name="login" time="0.001"/>
  <system-out>
    <![CDATA[inconsistent bug]]>
  </system-out>
  <testcase classname="testngFlag.Flag3" name="login" time="0.001"/>
  <system-out>
    <![CDATA[inconsistent bug]]>
  </system-out>
  <testcase classname="testngFlag.Flag3" name="login" time="0.001"/>
  <system-out>
    <![CDATA[inconsistent bug]]>
  </system-out>
  <testcase classname="testngFlag.Flag3" name="login" time="0.001"/>
  <system-out>
    <![CDATA[inconsistent bug]]>
  </system-out>
  <testcase classname="testngFlag.Flag3" name="login" time="0.001"/>
  <system-out>
    <![CDATA[inconsistent bug]]>
  </system-out>
  <testcase classname="testngFlag.Flag3" name="login" time="0.017"/>
  <system-out>
    <![CDATA[inconsistent bug]]>
  </system-out>
  <testcase classname="testngFlag.Flag3" name="login" time="0.000"/>
  <system-out>
    <![CDATA[inconsistent bug]]>
  </system-out>
  <testcase classname="testngFlag.Flag3" name="login" time="0.010"/>
  <system-out>
    <![CDATA[inconsistent bug]]>
  </system-out>
  <testcase classname="testngFlag.Flag3" name="login" time="0.002"/>
  <system-out>
    <![CDATA[inconsistent bug]]>
  </system-out>
  <testcase classname="testngFlag.Flag3" name="login" time="0.008"/>
  <system-out>
    <![CDATA[inconsistent bug]]>
  </system-out>
  <testcase classname="testngFlag.Flag3" name="login" time="0.002"/>
  <system-out>
    <![CDATA[inconsistent bug]]>
  </system-out>
  <testcase classname="testngFlag.Flag3" name="login" time="0.002"/>
  <system-out>
    <![CDATA[inconsistent bug]]>
  </system-out>
  <testcase classname="testngFlag.Flag3" name="login" time="0.001"/>
  <system-out>
    <![CDATA[inconsistent bug]]>
  </system-out>
  <testcase classname="testngFlag.Flag3" name="login" time="0.001"/>
  <system-out>
    <![CDATA[inconsistent bug]]>
  </system-out>
  <testcase classname="testngFlag.Flag3" name="login" time="0.002"/>
  <system-out>
    <![CDATA[inconsistent bug]]>
  </system-out>
  <testcase classname="testngFlag.Flag3" name="login" time="0.001"/>
  <system-out>
    <![CDATA[inconsistent bug]]>
  </system-out>
  <testcase classname="testngFlag.Flag3" name="login" time="0.003"/>
  <system-out>
    <![CDATA[inconsistent bug]]>
  </system-out>
  <testcase classname="testngFlag.Flag3" name="login" time="0.001"/>
  <system-out>
    <![CDATA[inconsistent bug]]>
  </system-out>
  <testcase classname="testngFlag.Flag3" name="login" time="0.001"/>
  <system-out>
    <![CDATA[inconsistent bug]]>
  </system-out>
  <testcase classname="testngFlag.Flag3" name="login" time="0.000"/>
  <system-out>
    <![CDATA[inconsistent bug]]>
  </system-out>
  <testcase classname="testngFlag.Flag3" name="login" time="0.002"/>
  <system-out>
    <![CDATA[inconsistent bug]]>
  </system-out>
  <testcase classname="testngFlag.Flag3" name="login" time="0.001"/>
  <system-out>
    <![CDATA[inconsistent bug]]>
  </system-out>
  <testcase classname="testngFlag.Flag3" name="login" time="0.098"/>
  <system-out>
    <![CDATA[inconsistent bug]]>
  </system-out>
  <testcase classname="testngFlag.Flag3" name="login" time="0.001"/>
  <system-out>
    <![CDATA[inconsistent bug]]>
  </system-out>
  <testcase classname="testngFlag.Flag3" name="login" time="0.002"/>
  <system-out>
    <![CDATA[inconsistent bug]]>
  </system-out>
  <testcase classname="testngFlag.Flag3" name="login" time="0.001"/>
  <system-out>
    <![CDATA[inconsistent bug]]>
  </system-out>
  <testcase classname="testngFlag.Flag3" name="login" time="0.000"/>
  <system-out>
    <![CDATA[inconsistent bug]]>
  </system-out>
  <testcase classname="testngFlag.Flag3" name="login" time="0.002"/>
  <system-out>
    <![CDATA[inconsistent bug]]>
  </system-out>
  <testcase classname="testngFlag.Flag3" name="login" time="0.001"/>
  <system-out>
    <![CDATA[inconsistent bug]]>
  </system-out>
  <testcase classname="testngFlag.Flag3" name="login" time="0.005"/>
  <system-out>
    <![CDATA[inconsistent bug]]>
  </system-out>
  <testcase classname="testngFlag.Flag3" name="login" time="0.001"/>
  <system-out>
    <![CDATA[inconsistent bug]]>
  </system-out>
  <testcase classname="testngFlag.Flag3" name="login" time="0.001"/>
  <system-out>
    <![CDATA[inconsistent bug]]>
  </system-out>
  <testcase classname="testngFlag.Flag3" name="login" time="0.001"/>
  <system-out>
    <![CDATA[inconsistent bug]]>
  </system-out>
  <testcase classname="testngFlag.Flag3" name="login" time="0.002"/>
  <system-out>
    <![CDATA[inconsistent bug]]>
  </system-out>
  <testcase classname="testngFlag.Flag3" name="login" time="0.012"/>
  <system-out>
    <![CDATA[inconsistent bug]]>
  </system-out>
  <testcase classname="testngFlag.Flag3" name="login" time="0.001"/>
  <system-out>
    <![CDATA[inconsistent bug]]>
  </system-out>
  <testcase classname="testngFlag.Flag3" name="login" time="0.001"/>
  <system-out>
    <![CDATA[inconsistent bug]]>
  </system-out>
  <testcase classname="testngFlag.Flag3" name="login" time="0.002"/>
  <system-out>
    <![CDATA[inconsistent bug]]>
  </system-out>
  <testcase classname="testngFlag.Flag3" name="login" time="0.000"/>
  <system-out>
    <![CDATA[inconsistent bug]]>
  </system-out>
  <testcase classname="testngFlag.Flag3" name="login" time="0.002"/>
  <system-out>
    <![CDATA[inconsistent bug]]>
  </system-out>
  <testcase classname="testngFlag.Flag3" name="login" time="0.002"/>
  <system-out>
    <![CDATA[inconsistent bug]]>
  </system-out>
  <testcase classname="testngFlag.Flag3" name="login" time="0.003"/>
  <system-out>
    <![CDATA[inconsistent bug]]>
  </system-out>
  <testcase classname="testngFlag.Flag3" name="login" time="0.006"/>
  <system-out>
    <![CDATA[inconsistent bug]]>
  </system-out>
  <testcase classname="testngFlag.Flag3" name="login" time="0.002"/>
  <system-out>
    <![CDATA[inconsistent bug]]>
  </system-out>
  <testcase classname="testngFlag.Flag3" name="login" time="0.003"/>
  <system-out>
    <![CDATA[inconsistent bug]]>
  </system-out>
  <testcase classname="testngFlag.Flag3" name="login" time="0.004"/>
  <system-out>
    <![CDATA[inconsistent bug]]>
  </system-out>
  <testcase classname="testngFlag.Flag3" name="login" time="0.001"/>
  <system-out>
    <![CDATA[inconsistent bug]]>
  </system-out>
  <testcase classname="testngFlag.Flag3" name="login" time="0.000"/>
  <system-out>
    <![CDATA[inconsistent bug]]>
  </system-out>
  <testcase classname="testngFlag.Flag3" name="login" time="0.005"/>
  <system-out>
    <![CDATA[inconsistent bug]]>
  </system-out>
  <testcase classname="testngFlag.Flag3" name="login" time="0.001"/>
  <system-out>
    <![CDATA[inconsistent bug]]>
  </system-out>
  <testcase classname="testngFlag.Flag3" name="login" time="0.001"/>
  <system-out>
    <![CDATA[inconsistent bug]]>
  </system-out>
  <testcase classname="testngFlag.Flag3" name="login" time="0.003"/>
  <system-out>
    <![CDATA[inconsistent bug]]>
  </system-out>
  <testcase classname="testngFlag.Flag3" name="login" time="0.001"/>
  <system-out>
    <![CDATA[inconsistent bug]]>
  </system-out>
  <testcase classname="testngFlag.Flag3" name="login" time="0.001"/>
  <system-out>
    <![CDATA[inconsistent bug]]>
  </system-out>
  <testcase classname="testngFlag.Flag3" name="login" time="0.011"/>
  <system-out>
    <![CDATA[inconsistent bug]]>
  </system-out>
  <testcase classname="testngFlag.Flag3" name="login" time="0.001"/>
  <system-out>
    <![CDATA[inconsistent bug]]>
  </system-out>
  <testcase classname="testngFlag.Flag3" name="login" time="0.001"/>
  <system-out>
    <![CDATA[inconsistent bug]]>
  </system-out>
  <testcase classname="testngFlag.Flag3" name="login" time="0.002"/>
  <system-out>
    <![CDATA[inconsistent bug]]>
  </system-out>
  <testcase classname="testngFlag.Flag3" name="login" time="0.004"/>
  <system-out>
    <![CDATA[inconsistent bug]]>
  </system-out>
  <testcase classname="testngFlag.Flag3" name="login" time="0.001"/>
  <system-out>
    <![CDATA[inconsistent bug]]>
  </system-out>
  <testcase classname="testngFlag.Flag3" name="login" time="0.001"/>
  <system-out>
    <![CDATA[inconsistent bug]]>
  </system-out>
  <testcase classname="testngFlag.Flag3" name="login" time="0.002"/>
  <system-out>
    <![CDATA[inconsistent bug]]>
  </system-out>
  <testcase classname="testngFlag.Flag3" name="login" time="0.001"/>
  <system-out>
    <![CDATA[inconsistent bug]]>
  </system-out>
  <testcase classname="testngFlag.Flag3" name="login" time="0.002"/>
  <system-out>
    <![CDATA[inconsistent bug]]>
  </system-out>
  <testcase classname="testngFlag.Flag3" name="login" time="0.000"/>
  <system-out>
    <![CDATA[inconsistent bug]]>
  </system-out>
  <testcase classname="testngFlag.Flag3" name="login" time="0.001"/>
  <system-out>
    <![CDATA[inconsistent bug]]>
  </system-out>
  <testcase classname="testngFlag.Flag3" name="login" time="0.004"/>
  <system-out>
    <![CDATA[inconsistent bug]]>
  </system-out>
  <testcase classname="testngFlag.Flag3" name="login" time="0.000"/>
  <system-out>
    <![CDATA[inconsistent bug]]>
  </system-out>
  <testcase classname="testngFlag.Flag3" name="login" time="0.003"/>
  <system-out>
    <![CDATA[inconsistent bug]]>
  </system-out>
  <testcase classname="testngFlag.Flag3" name="login" time="0.003"/>
  <system-out>
    <![CDATA[inconsistent bug]]>
  </system-out>
  <testcase classname="testngFlag.Flag3" name="login" time="0.002"/>
  <system-out>
    <![CDATA[inconsistent bug]]>
  </system-out>
  <testcase classname="testngFlag.Flag3" name="login" time="0.001"/>
  <system-out>
    <![CDATA[inconsistent bug]]>
  </system-out>
  <testcase classname="testngFlag.Flag3" name="login" time="0.001"/>
  <system-out>
    <![CDATA[inconsistent bug]]>
  </system-out>
  <testcase classname="testngFlag.Flag3" name="login" time="0.003"/>
  <system-out>
    <![CDATA[inconsistent bug]]>
  </system-out>
  <testcase classname="testngFlag.Flag3" name="login" time="0.001"/>
  <system-out>
    <![CDATA[inconsistent bug]]>
  </system-out>
  <testcase classname="testngFlag.Flag3" name="login" time="0.001"/>
  <system-out>
    <![CDATA[inconsistent bug]]>
  </system-out>
  <testcase classname="testngFlag.Flag3" name="login" time="0.001"/>
  <system-out>
    <![CDATA[inconsistent bug]]>
  </system-out>
  <testcase classname="testngFlag.Flag3" name="login" time="0.050"/>
  <system-out>
    <![CDATA[inconsistent bug]]>
  </system-out>
  <testcase classname="testngFlag.Flag3" name="login" time="0.001"/>
  <system-out>
    <![CDATA[inconsistent bug]]>
  </system-out>
  <testcase classname="testngFlag.Flag3" name="login" time="0.001"/>
  <system-out>
    <![CDATA[inconsistent bug]]>
  </system-out>
  <testcase classname="testngFlag.Flag3" name="login" time="0.001"/>
  <system-out>
    <![CDATA[inconsistent bug]]>
  </system-out>
  <testcase classname="testngFlag.Flag3" name="login" time="0.001"/>
  <system-out>
    <![CDATA[inconsistent bug]]>
  </system-out>
  <testcase classname="testngFlag.Flag3" name="login" time="0.001"/>
  <system-out>
    <![CDATA[inconsistent bug]]>
  </system-out>
  <testcase classname="testngFlag.Flag3" name="login" time="0.001"/>
  <system-out>
    <![CDATA[inconsistent bug]]>
  </system-out>
  <testcase classname="testngFlag.Flag3" name="login" time="0.001"/>
  <system-out>
    <![CDATA[inconsistent bug]]>
  </system-out>
  <testcase classname="testngFlag.Flag3" name="login" time="0.006"/>
  <system-out>
    <![CDATA[inconsistent bug]]>
  </system-out>
  <testcase classname="testngFlag.Flag3" name="login" time="0.001"/>
  <system-out>
    <![CDATA[inconsistent bug]]>
  </system-out>
  <testcase classname="testngFlag.Flag3" name="login" time="0.001"/>
  <system-out>
    <![CDATA[inconsistent bug]]>
  </system-out>
  <testcase classname="testngFlag.Flag3" name="login" time="0.001"/>
  <system-out>
    <![CDATA[inconsistent bug]]>
  </system-out>
  <testcase classname="testngFlag.Flag3" name="login" time="0.001"/>
  <system-out>
    <![CDATA[inconsistent bug]]>
  </system-out>
  <testcase classname="testngFlag.Flag3" name="login" time="0.002"/>
  <system-out>
    <![CDATA[inconsistent bug]]>
  </system-out>
  <testcase classname="testngFlag.Flag3" name="login" time="0.002"/>
  <system-out>
    <![CDATA[inconsistent bug]]>
  </system-out>
  <testcase classname="testngFlag.Flag3" name="login" time="0.004"/>
  <system-out>
    <![CDATA[inconsistent bug]]>
  </system-out>
  <testcase classname="testngFlag.Flag3" name="login" time="0.026"/>
  <system-out>
    <![CDATA[inconsistent bug]]>
  </system-out>
  <testcase classname="testngFlag.Flag3" name="login" time="0.001"/>
  <system-out>
    <![CDATA[inconsistent bug]]>
  </system-out>
  <testcase classname="testngFlag.Flag3" name="login" time="0.001"/>
  <system-out>
    <![CDATA[inconsistent bug]]>
  </system-out>
  <testcase classname="testngFlag.Flag3" name="login" time="0.002"/>
  <system-out>
    <![CDATA[inconsistent bug]]>
  </system-out>
  <testcase classname="testngFlag.Flag3" name="login" time="0.001"/>
  <system-out>
    <![CDATA[inconsistent bug]]>
  </system-out>
  <testcase classname="testngFlag.Flag3" name="login" time="0.000"/>
  <system-out>
    <![CDATA[inconsistent bug]]>
  </system-out>
  <testcase classname="testngFlag.Flag3" name="login" time="0.000"/>
  <system-out>
    <![CDATA[inconsistent bug]]>
  </system-out>
  <testcase classname="testngFlag.Flag3" name="login" time="0.001"/>
  <system-out>
    <![CDATA[inconsistent bug]]>
  </system-out>
  <testcase classname="testngFlag.Flag3" name="login" time="0.002"/>
  <system-out>
    <![CDATA[inconsistent bug]]>
  </system-out>
  <testcase classname="testngFlag.Flag3" name="login" time="0.001"/>
  <system-out>
    <![CDATA[inconsistent bug]]>
  </system-out>
  <testcase classname="testngFlag.Flag3" name="login" time="0.000"/>
  <system-out>
    <![CDATA[inconsistent bug]]>
  </system-out>
  <testcase classname="testngFlag.Flag3" name="login" time="0.001"/>
  <system-out>
    <![CDATA[inconsistent bug]]>
  </system-out>
  <testcase classname="testngFlag.Flag3" name="login" time="0.001"/>
  <system-out>
    <![CDATA[inconsistent bug]]>
  </system-out>
  <testcase classname="testngFlag.Flag3" name="login" time="0.002"/>
  <system-out>
    <![CDATA[inconsistent bug]]>
  </system-out>
  <testcase classname="testngFlag.Flag3" name="login" time="0.001"/>
  <system-out>
    <![CDATA[inconsistent bug]]>
  </system-out>
  <testcase classname="testngFlag.Flag3" name="login" time="0.002"/>
  <system-out>
    <![CDATA[inconsistent bug]]>
  </system-out>
  <testcase classname="testngFlag.Flag3" name="login" time="0.002"/>
  <system-out>
    <![CDATA[inconsistent bug]]>
  </system-out>
  <testcase classname="testngFlag.Flag3" name="login" time="0.004"/>
  <system-out>
    <![CDATA[inconsistent bug]]>
  </system-out>
  <testcase classname="testngFlag.Flag3" name="login" time="0.001"/>
  <system-out>
    <![CDATA[inconsistent bug]]>
  </system-out>
  <testcase classname="testngFlag.Flag3" name="login" time="0.000"/>
  <system-out>
    <![CDATA[inconsistent bug]]>
  </system-out>
  <testcase classname="testngFlag.Flag3" name="login" time="0.001"/>
  <system-out>
    <![CDATA[inconsistent bug]]>
  </system-out>
  <testcase classname="testngFlag.Flag3" name="login" time="0.003"/>
  <system-out>
    <![CDATA[inconsistent bug]]>
  </system-out>
  <testcase classname="testngFlag.Flag3" name="login" time="0.001"/>
  <system-out>
    <![CDATA[inconsistent bug]]>
  </system-out>
  <testcase classname="testngFlag.Flag3" name="login" time="0.002"/>
  <system-out>
    <![CDATA[inconsistent bug]]>
  </system-out>
  <testcase classname="testngFlag.Flag3" name="login" time="0.002"/>
  <system-out>
    <![CDATA[inconsistent bug]]>
  </system-out>
  <testcase classname="testngFlag.Flag3" name="login" time="0.001"/>
  <system-out>
    <![CDATA[inconsistent bug]]>
  </system-out>
  <testcase classname="testngFlag.Flag3" name="login" time="0.001"/>
  <system-out>
    <![CDATA[inconsistent bug]]>
  </system-out>
  <testcase classname="testngFlag.Flag3" name="login" time="0.006"/>
  <system-out>
    <![CDATA[inconsistent bug]]>
  </system-out>
  <testcase classname="testngFlag.Flag3" name="login" time="0.000"/>
  <system-out>
    <![CDATA[inconsistent bug]]>
  </system-out>
  <testcase classname="testngFlag.Flag3" name="login" time="0.001"/>
  <system-out>
    <![CDATA[inconsistent bug]]>
  </system-out>
  <testcase classname="testngFlag.Flag3" name="login" time="0.000"/>
  <system-out>
    <![CDATA[inconsistent bug]]>
  </system-out>
  <testcase classname="testngFlag.Flag3" name="login" time="0.017"/>
  <system-out>
    <![CDATA[inconsistent bug]]>
  </system-out>
  <testcase classname="testngFlag.Flag3" name="login" time="0.005"/>
  <system-out>
    <![CDATA[inconsistent bug]]>
  </system-out>
</testsuite> <!-- testngFlag.Flag3 -->
